"../../../Engine/Content/EditorResources/S_Actor.ubulk" 0
"../../../Engine/Content/EditorResources/S_Actor.uasset" 1
"../../../Engine/Content/EditorResources/S_Actor.uexp" 2
"../../../Engine/Content/EditorResources/S_BoxReflectionCapture.uasset" 3
"../../../Engine/Content/EditorResources/S_BoxReflectionCapture.uexp" 4
"../../../Engine/Content/EngineResources/DefaultTexture.ubulk" 5
"../../../Engine/Content/EngineResources/DefaultTexture.uasset" 6
"../../../Engine/Content/EngineResources/DefaultTexture.uexp" 7
"../../../Engine/Content/EngineResources/DefaultTextureCube.uasset" 8
"../../../Engine/Content/EngineResources/DefaultTextureCube.uexp" 9
"../../../Engine/Content/EngineResources/DefaultVolumeTexture2D.uasset" 10
"../../../Engine/Content/EngineResources/DefaultVolumeTexture2D.uexp" 11
"../../../Engine/Content/EngineResources/DefaultVolumeTexture.uasset" 12
"../../../Engine/Content/EngineResources/DefaultVolumeTexture.uexp" 13
"../../../Engine/Content/EditorResources/S_Trigger.ubulk" 14
"../../../Engine/Content/EditorResources/S_Trigger.uasset" 15
"../../../Engine/Content/EditorResources/S_Trigger.uexp" 16
"../../../Engine/Content/EditorResources/S_TriggerBox.uasset" 17
"../../../Engine/Content/EditorResources/S_TriggerBox.uexp" 18
"../../../Engine/Content/EditorResources/S_TriggerCapsule.uasset" 19
"../../../Engine/Content/EditorResources/S_TriggerCapsule.uexp" 20
"../../../Engine/Content/EditorResources/S_TriggerSphere.uasset" 21
"../../../Engine/Content/EditorResources/S_TriggerSphere.uexp" 22
"../../../Engine/Content/EngineMeshes/Sphere.ubulk" 23
"../../../Engine/Content/EngineMeshes/Sphere.uasset" 24
"../../../Engine/Content/EngineMeshes/Sphere.uexp" 25
"../../../Engine/Content/EngineResources/GradientTexture0.uasset" 26
"../../../Engine/Content/EngineResources/GradientTexture0.uexp" 27
"../../../Engine/Content/EngineResources/Black.uasset" 28
"../../../Engine/Content/EngineResources/Black.uexp" 29
"../../../Engine/Content/VREditor/LaserPointer/VR_LaserPower_01.ubulk" 30
"../../../Engine/Content/VREditor/LaserPointer/VR_LaserPower_01.uasset" 31
"../../../Engine/Content/VREditor/LaserPointer/VR_LaserPower_01.uexp" 32
"../../../Engine/Content/VREditor/TransformGizmo/TransformGizmoMaterial.uasset" 33
"../../../Engine/Content/VREditor/TransformGizmo/TransformGizmoMaterial.uexp" 34
"../../../Engine/Content/VREditor/TransformGizmo/TranslucentTransformGizmoMaterial.uasset" 35
"../../../Engine/Content/VREditor/TransformGizmo/TranslucentTransformGizmoMaterial.uexp" 36
"../../../Engine/Content/VREditor/TransformGizmo/PlaneTranslationHandle.ubulk" 37
"../../../Engine/Content/VREditor/TransformGizmo/PlaneTranslationHandle.uasset" 38
"../../../Engine/Content/VREditor/TransformGizmo/PlaneTranslationHandle.uexp" 39
"../../../Engine/Content/VREditor/TransformGizmo/BoundingBoxCorner.ubulk" 40
"../../../Engine/Content/VREditor/TransformGizmo/BoundingBoxCorner.uasset" 41
"../../../Engine/Content/VREditor/TransformGizmo/BoundingBoxCorner.uexp" 42
"../../../Engine/Content/VREditor/TransformGizmo/BoundingBoxEdge.ubulk" 43
"../../../Engine/Content/VREditor/TransformGizmo/BoundingBoxEdge.uasset" 44
"../../../Engine/Content/VREditor/TransformGizmo/BoundingBoxEdge.uexp" 45
"../../../Engine/Content/VREditor/TransformGizmo/Main.uasset" 46
"../../../Engine/Content/VREditor/TransformGizmo/Main.uexp" 47
"../../../Engine/Content/VREditor/TransformGizmo/Xray.uasset" 48
"../../../Engine/Content/VREditor/TransformGizmo/Xray.uexp" 49
"../../../Engine/Content/VREditor/TransformGizmo/SM_Sequencer_Node.ubulk" 50
"../../../Engine/Content/VREditor/TransformGizmo/SM_Sequencer_Node.uasset" 51
"../../../Engine/Content/VREditor/TransformGizmo/SM_Sequencer_Node.uexp" 52
"../../../Engine/Content/EditorMaterials/Camera/CineMat.uasset" 53
"../../../Engine/Content/EditorMaterials/Camera/CineMat.uexp" 54
"../../../Engine/Content/EditorMaterials/Camera/MI_CineMat_Rig.uasset" 55
"../../../Engine/Content/EditorMaterials/Camera/MI_CineMat_Rig.uexp" 56
"../../../Engine/Content/EditorMeshes/Camera/SM_CraneRig_Base.ubulk" 57
"../../../Engine/Content/EditorMeshes/Camera/SM_CraneRig_Base.uasset" 58
"../../../Engine/Content/EditorMeshes/Camera/SM_CraneRig_Base.uexp" 59
"../../../Engine/Content/EditorMeshes/Camera/SM_CraneRig_Arm.ubulk" 60
"../../../Engine/Content/EditorMeshes/Camera/SM_CraneRig_Arm.uasset" 61
"../../../Engine/Content/EditorMeshes/Camera/SM_CraneRig_Arm.uexp" 62
"../../../Engine/Content/EditorMeshes/Camera/SM_CraneRig_Mount.ubulk" 63
"../../../Engine/Content/EditorMeshes/Camera/SM_CraneRig_Mount.uasset" 64
"../../../Engine/Content/EditorMeshes/Camera/SM_CraneRig_Mount.uexp" 65
"../../../Engine/Content/EditorMeshes/Camera/SM_CraneRig_Body.ubulk" 66
"../../../Engine/Content/EditorMeshes/Camera/SM_CraneRig_Body.uasset" 67
"../../../Engine/Content/EditorMeshes/Camera/SM_CraneRig_Body.uexp" 68
"../../../Engine/Content/EditorMeshes/Camera/SM_RailRig_Track.ubulk" 69
"../../../Engine/Content/EditorMeshes/Camera/SM_RailRig_Track.uasset" 70
"../../../Engine/Content/EditorMeshes/Camera/SM_RailRig_Track.uexp" 71
"../../../Engine/Content/EditorMeshes/Camera/SM_RailRig_Mount.ubulk" 72
"../../../Engine/Content/EditorMeshes/Camera/SM_RailRig_Mount.uasset" 73
"../../../Engine/Content/EditorMeshes/Camera/SM_RailRig_Mount.uexp" 74
"../../../Engine/Content/EngineMaterials/T_Default_Material_Grid_M.ubulk" 75
"../../../Engine/Content/EngineMaterials/T_Default_Material_Grid_M.uasset" 76
"../../../Engine/Content/EngineMaterials/T_Default_Material_Grid_M.uexp" 77
"../../../Engine/Content/EngineMaterials/T_Default_Material_Grid_N.ubulk" 78
"../../../Engine/Content/EngineMaterials/T_Default_Material_Grid_N.uasset" 79
"../../../Engine/Content/EngineMaterials/T_Default_Material_Grid_N.uexp" 80
"../../../Engine/Content/Functions/Engine_MaterialFunctions01/Opacity/CameraDepthFade.uasset" 81
"../../../Engine/Content/Functions/Engine_MaterialFunctions01/Opacity/CameraDepthFade.uexp" 82
"../../../Engine/Content/EngineMaterials/WorldGridMaterial.uasset" 83
"../../../Engine/Content/EngineMaterials/WorldGridMaterial.uexp" 84
"../../../Engine/Content/ArtTools/RenderToTexture/Meshes/S_1_Unit_Plane.ubulk" 85
"../../../Engine/Content/ArtTools/RenderToTexture/Meshes/S_1_Unit_Plane.uasset" 86
"../../../Engine/Content/ArtTools/RenderToTexture/Meshes/S_1_Unit_Plane.uexp" 87
"../../../Engine/Content/EditorMaterials/ParticleSystems/PSysThumbnail_NoImage.ubulk" 88
"../../../Engine/Content/EditorMaterials/ParticleSystems/PSysThumbnail_NoImage.uasset" 89
"../../../Engine/Content/EditorMaterials/ParticleSystems/PSysThumbnail_NoImage.uexp" 90
"../../../Engine/Content/EditorMaterials/ParticleSystems/PSysThumbnail_OOD.ubulk" 91
"../../../Engine/Content/EditorMaterials/ParticleSystems/PSysThumbnail_OOD.uasset" 92
"../../../Engine/Content/EditorMaterials/ParticleSystems/PSysThumbnail_OOD.uexp" 93
"../../../Engine/Content/EditorLandscapeResources/SplineEditorMeshMat.uasset" 94
"../../../Engine/Content/EditorLandscapeResources/SplineEditorMeshMat.uexp" 95
"../../../Engine/Content/EditorLandscapeResources/SplineEditorMesh.ubulk" 96
"../../../Engine/Content/EditorLandscapeResources/SplineEditorMesh.uasset" 97
"../../../Engine/Content/EditorLandscapeResources/SplineEditorMesh.uexp" 98
"../../../Engine/Content/EditorResources/S_Solver.ubulk" 99
"../../../Engine/Content/EditorResources/S_Solver.uasset" 100
"../../../Engine/Content/EditorResources/S_Solver.uexp" 101
"../../../Engine/Plugins/Media/MediaPlate/Content/SM_MediaPlateScreen.ubulk" 102
"../../../Engine/Plugins/Media/MediaPlate/Content/SM_MediaPlateScreen.uasset" 103
"../../../Engine/Plugins/Media/MediaPlate/Content/SM_MediaPlateScreen.uexp" 104
"../../../Engine/Content/EngineMaterials/Good64x64TilingNoiseHighFreq.uasset" 105
"../../../Engine/Content/EngineMaterials/Good64x64TilingNoiseHighFreq.uexp" 106
"../../../Engine/Content/EngineMaterials/DefaultBokeh.uasset" 107
"../../../Engine/Content/EngineMaterials/DefaultBokeh.uexp" 108
"../../../Engine/Content/EngineMaterials/PreintegratedSkinBRDF.uasset" 109
"../../../Engine/Content/EngineMaterials/PreintegratedSkinBRDF.uexp" 110
"../../../Engine/Content/EngineMaterials/MiniFont.uasset" 111
"../../../Engine/Content/EngineMaterials/MiniFont.uexp" 112
"../../../Engine/Content/EngineMaterials/WeightMapPlaceholderTexture.uasset" 113
"../../../Engine/Content/EngineMaterials/WeightMapPlaceholderTexture.uexp" 114
"../../../Engine/Content/EngineMaterials/DefaultWhiteGrid.ubulk" 115
"../../../Engine/Content/EngineMaterials/DefaultWhiteGrid.uasset" 116
"../../../Engine/Content/EngineMaterials/DefaultWhiteGrid.uexp" 117
"../../../Engine/Content/BasicShapes/Plane.ubulk" 118
"../../../Engine/Content/BasicShapes/Plane.uasset" 119
"../../../Engine/Content/BasicShapes/Plane.uexp" 120
"../../../Engine/Content/EngineMaterials/DefaultMaterial.uasset" 121
"../../../Engine/Content/EngineMaterials/DefaultMaterial.uexp" 122
"../../../Engine/Content/BasicShapes/Cylinder.ubulk" 123
"../../../Engine/Content/BasicShapes/Cylinder.uasset" 124
"../../../Engine/Content/BasicShapes/Cylinder.uexp" 125
"../../../Engine/Content/BasicShapes/Cone.ubulk" 126
"../../../Engine/Content/BasicShapes/Cone.uasset" 127
"../../../Engine/Content/BasicShapes/Cone.uexp" 128
"../../../Engine/Content/EditorLandscapeResources/DefaultAlphaTexture.uasset" 129
"../../../Engine/Content/EditorLandscapeResources/DefaultAlphaTexture.uexp" 130
"../../../Engine/Content/EditorLandscapeResources/DataLayer.uasset" 131
"../../../Engine/Content/EditorLandscapeResources/DataLayer.uexp" 132
"../../../Engine/Content/EditorMaterials/PreviewShadowIndicator.ubulk" 133
"../../../Engine/Content/EditorMaterials/PreviewShadowIndicator.uasset" 134
"../../../Engine/Content/EditorMaterials/PreviewShadowIndicator.uexp" 135
"../../../Engine/Content/EditorMaterials/PreviewShadowIndicatorMaterial.uasset" 136
"../../../Engine/Content/EditorMaterials/PreviewShadowIndicatorMaterial.uexp" 137
"../../../Engine/Content/EditorMaterials/PhAT_UnselectedMaterial.uasset" 138
"../../../Engine/Content/EditorMaterials/PhAT_UnselectedMaterial.uexp" 139
"../../../Engine/Content/EditorMaterials/PhAT_NoCollisionMaterial.uasset" 140
"../../../Engine/Content/EditorMaterials/PhAT_NoCollisionMaterial.uexp" 141
"../../../Engine/Content/Functions/Engine_MaterialFunctions02/Utility/MakeFloat4.uasset" 142
"../../../Engine/Content/Functions/Engine_MaterialFunctions02/Utility/MakeFloat4.uexp" 143
"../../../Engine/Content/Functions/Engine_MaterialFunctions02/Utility/MakeFloat3.uasset" 144
"../../../Engine/Content/Functions/Engine_MaterialFunctions02/Utility/MakeFloat3.uexp" 145
"../../../Engine/Content/Functions/Engine_MaterialFunctions02/Utility/BreakOutFloat3Components.uasset" 146
"../../../Engine/Content/Functions/Engine_MaterialFunctions02/Utility/BreakOutFloat3Components.uexp" 147
"../../../Engine/Content/EditorMaterials/WorldPartition/WorldPartitionSpatialHashGridPreviewMaterial.uasset" 148
"../../../Engine/Content/EditorMaterials/WorldPartition/WorldPartitionSpatialHashGridPreviewMaterial.uexp" 149
"../../../Engine/Content/EditorResources/S_Terrain.ubulk" 150
"../../../Engine/Content/EditorResources/S_Terrain.uasset" 151
"../../../Engine/Content/EditorResources/S_Terrain.uexp" 152
"../../../Engine/Content/EditorResources/EmptyActor.uasset" 153
"../../../Engine/Content/EditorResources/EmptyActor.uexp" 154
"../../../Engine/Content/EditorResources/BSPVertex.uasset" 155
"../../../Engine/Content/EditorResources/BSPVertex.uexp" 156
"../../../Engine/Content/EditorResources/SequenceRecorder/RecordingIndicator.uasset" 157
"../../../Engine/Content/EditorResources/SequenceRecorder/RecordingIndicator.uexp" 158
"../../../Engine/Content/EditorResources/SequenceRecorder/Countdown.uasset" 159
"../../../Engine/Content/EditorResources/SequenceRecorder/Countdown.uexp" 160
"../../../Engine/Content/EngineDamageTypes/DmgTypeBP_Environmental.uasset" 161
"../../../Engine/Content/EngineDamageTypes/DmgTypeBP_Environmental.uexp" 162
"../../../Engine/Content/Functions/Engine_MaterialFunctions02/Utility/CameraDirectionVector.uasset" 163
"../../../Engine/Content/Functions/Engine_MaterialFunctions02/Utility/CameraDirectionVector.uexp" 164
"../../../Engine/Content/EngineDebugMaterials/VolumeToRender.uasset" 165
"../../../Engine/Content/EngineDebugMaterials/VolumeToRender.uexp" 166
"../../../Engine/Content/EngineDebugMaterials/M_VolumeRenderSphereTracePP.uasset" 167
"../../../Engine/Content/EngineDebugMaterials/M_VolumeRenderSphereTracePP.uexp" 168
"../../../Engine/Content/EngineDebugMaterials/M_SimpleUnlitTranslucent.uasset" 169
"../../../Engine/Content/EngineDebugMaterials/M_SimpleUnlitTranslucent.uexp" 170
"../../../Engine/Content/EngineDebugMaterials/DebugMeshMaterial.uasset" 171
"../../../Engine/Content/EngineDebugMaterials/DebugMeshMaterial.uexp" 172
"../../../Engine/Content/EngineDebugMaterials/DebugEditorMaterial.uasset" 173
"../../../Engine/Content/EngineDebugMaterials/DebugEditorMaterial.uexp" 174
"../../../Engine/Content/EngineFonts/Faces/RobotoLight.uexp" 175
"../../../Engine/Content/EngineFonts/Faces/RobotoLight.uasset" 176
"../../../Engine/Content/EngineFonts/Faces/RobotoLight.ufont" 177
"../../../Engine/Content/EngineFonts/Faces/RobotoBold.uexp" 178
"../../../Engine/Content/EngineFonts/Faces/RobotoBold.uasset" 179
"../../../Engine/Content/EngineFonts/Faces/RobotoBold.ufont" 180
"../../../Engine/Content/EngineFonts/Faces/RobotoRegular.uexp" 181
"../../../Engine/Content/EngineFonts/Faces/RobotoRegular.uasset" 182
"../../../Engine/Content/EngineFonts/Faces/RobotoRegular.ufont" 183
"../../../Engine/Content/EngineFonts/Faces/DroidSansFallback.uexp" 184
"../../../Engine/Content/EngineFonts/Faces/DroidSansFallback.uasset" 185
"../../../Engine/Content/EngineFonts/Faces/DroidSansFallback.ufont" 186
"../../../Engine/Content/EngineFonts/Faces/RobotoItalic.uexp" 187
"../../../Engine/Content/EngineFonts/Faces/RobotoItalic.uasset" 188
"../../../Engine/Content/EngineFonts/Faces/RobotoItalic.ufont" 189
"../../../Engine/Content/EngineFonts/Faces/RobotoBoldItalic.uexp" 190
"../../../Engine/Content/EngineFonts/Faces/RobotoBoldItalic.uasset" 191
"../../../Engine/Content/EngineFonts/Faces/RobotoBoldItalic.ufont" 192
"../../../Engine/Content/EngineFonts/Roboto.uasset" 193
"../../../Engine/Content/EngineFonts/Roboto.uexp" 194
"../../../Engine/Content/EngineResources/WhiteSquareTexture.uasset" 195
"../../../Engine/Content/EngineResources/WhiteSquareTexture.uexp" 196
"../../../Engine/Content/EngineMaterials/Widget3DPassThrough.uasset" 197
"../../../Engine/Content/EngineMaterials/Widget3DPassThrough.uexp" 198
"../../../Engine/Content/EngineMaterials/Widget3DPassThrough_Translucent.uasset" 199
"../../../Engine/Content/EngineMaterials/Widget3DPassThrough_Translucent.uexp" 200
"../../../Engine/Content/EngineMaterials/Widget3DPassThrough_Translucent_OneSided.uasset" 201
"../../../Engine/Content/EngineMaterials/Widget3DPassThrough_Translucent_OneSided.uexp" 202
"../../../Engine/Content/EngineMaterials/Widget3DPassThrough_Opaque.uasset" 203
"../../../Engine/Content/EngineMaterials/Widget3DPassThrough_Opaque.uexp" 204
"../../../Engine/Content/EngineMaterials/Widget3DPassThrough_Opaque_OneSided.uasset" 205
"../../../Engine/Content/EngineMaterials/Widget3DPassThrough_Opaque_OneSided.uexp" 206
"../../../Engine/Content/EngineMaterials/Widget3DPassThrough_Masked_OneSided.uasset" 207
"../../../Engine/Content/EngineMaterials/Widget3DPassThrough_Masked_OneSided.uexp" 208
"../../../Engine/Content/EngineMaterials/Widget3DPassThrough_Masked.uasset" 209
"../../../Engine/Content/EngineMaterials/Widget3DPassThrough_Masked.uexp" 210
"../../../Engine/Content/EngineMaterials/STBlueNoise_vec2_128x128x64.uasset" 211
"../../../Engine/Content/EngineMaterials/STBlueNoise_vec2_128x128x64.uexp" 212
"../../../Engine/Content/EngineMaterials/STBlueNoise_scalar_128x128x64.uasset" 213
"../../../Engine/Content/EngineMaterials/STBlueNoise_scalar_128x128x64.uexp" 214
"../../../Engine/Content/EngineMaterials/RemoveSurfaceMaterial.uasset" 215
"../../../Engine/Content/EngineMaterials/RemoveSurfaceMaterial.uexp" 216
"../../../Engine/Content/EngineMaterials/DefaultCalibrationGrayscale.uasset" 217
"../../../Engine/Content/EngineMaterials/DefaultCalibrationGrayscale.uexp" 218
"../../../Engine/Content/EngineMaterials/PPM_DefaultCalibrationGrayscale.uasset" 219
"../../../Engine/Content/EngineMaterials/PPM_DefaultCalibrationGrayscale.uexp" 220
"../../../Engine/Content/EngineMaterials/DefaultCalibrationColor.uasset" 221
"../../../Engine/Content/EngineMaterials/DefaultCalibrationColor.uexp" 222
"../../../Engine/Content/EngineMaterials/PPM_DefaultCalibrationColor.uasset" 223
"../../../Engine/Content/EngineMaterials/PPM_DefaultCalibrationColor.uexp" 224
"../../../Engine/Content/Functions/Engine_MaterialFunctions02/WorldPositionOffset/CameraOffset.uasset" 225
"../../../Engine/Content/Functions/Engine_MaterialFunctions02/WorldPositionOffset/CameraOffset.uexp" 226
"../../../Engine/Content/EngineMaterials/PhAT_JointLimitMaterial.uasset" 227
"../../../Engine/Content/EngineMaterials/PhAT_JointLimitMaterial.uexp" 228
"../../../Engine/Content/EngineMaterials/InvalidLightmapSettings.ubulk" 229
"../../../Engine/Content/EngineMaterials/InvalidLightmapSettings.uasset" 230
"../../../Engine/Content/EngineMaterials/InvalidLightmapSettings.uexp" 231
"../../../Engine/Content/EngineMaterials/M_InvalidLightmapSettings.uasset" 232
"../../../Engine/Content/EngineMaterials/M_InvalidLightmapSettings.uexp" 233
"../../../Engine/Content/EngineMaterials/GizmoMaterial.uasset" 234
"../../../Engine/Content/EngineMaterials/GizmoMaterial.uexp" 235
"../../../Engine/Content/EngineMaterials/BaseFlattenEmissiveMap_VT.uasset" 236
"../../../Engine/Content/EngineMaterials/BaseFlattenEmissiveMap_VT.uexp" 237
"../../../Engine/Content/EngineMaterials/BaseFlattenGrayscaleMap_VT.uasset" 238
"../../../Engine/Content/EngineMaterials/BaseFlattenGrayscaleMap_VT.uexp" 239
"../../../Engine/Content/EngineMaterials/BaseFlattenLinearColor_VT.uasset" 240
"../../../Engine/Content/EngineMaterials/BaseFlattenLinearColor_VT.uexp" 241
"../../../Engine/Content/EngineMaterials/Black_1x1_EXR_Texture_VT.uasset" 242
"../../../Engine/Content/EngineMaterials/Black_1x1_EXR_Texture_VT.uexp" 243
"../../../Engine/Content/EngineMaterials/BaseFlattenDiffuseMap_VT.uasset" 244
"../../../Engine/Content/EngineMaterials/BaseFlattenDiffuseMap_VT.uexp" 245
"../../../Engine/Content/EngineMaterials/BaseFlattenNormalMap_VT.uasset" 246
"../../../Engine/Content/EngineMaterials/BaseFlattenNormalMap_VT.uexp" 247
"../../../Engine/Content/EngineMaterials/FlattenMaterial_WS_Normal_VT.uasset" 248
"../../../Engine/Content/EngineMaterials/FlattenMaterial_WS_Normal_VT.uexp" 249
"../../../Engine/Content/EngineMaterials/FlattenMaterial_VT.uasset" 250
"../../../Engine/Content/EngineMaterials/FlattenMaterial_VT.uexp" 251
"../../../Engine/Content/EngineMaterials/BaseFlattenNormalMap.uasset" 252
"../../../Engine/Content/EngineMaterials/BaseFlattenNormalMap.uexp" 253
"../../../Engine/Content/EngineMaterials/BaseFlattenGrayscaleMap.uasset" 254
"../../../Engine/Content/EngineMaterials/BaseFlattenGrayscaleMap.uexp" 255
"../../../Engine/Content/EngineMaterials/BaseFlattenDiffuseMap.uasset" 256
"../../../Engine/Content/EngineMaterials/BaseFlattenDiffuseMap.uexp" 257
"../../../Engine/Content/Functions/Engine_MaterialFunctions02/PivotPainter2/Black_1x1_EXR_Texture.uasset" 258
"../../../Engine/Content/Functions/Engine_MaterialFunctions02/PivotPainter2/Black_1x1_EXR_Texture.uexp" 259
"../../../Engine/Content/EngineMaterials/BaseFlattenEmissiveMap.uasset" 260
"../../../Engine/Content/EngineMaterials/BaseFlattenEmissiveMap.uexp" 261
"../../../Engine/Content/EngineMaterials/BaseFlattenLinearColor.uasset" 262
"../../../Engine/Content/EngineMaterials/BaseFlattenLinearColor.uexp" 263
"../../../Engine/Content/EngineMaterials/FlattenMaterial.uasset" 264
"../../../Engine/Content/EngineMaterials/FlattenMaterial.uexp" 265
"../../../Engine/Content/EngineMaterials/DefaultWhiteGrid_Low.uasset" 266
"../../../Engine/Content/EngineMaterials/DefaultWhiteGrid_Low.uexp" 267
"../../../Engine/Content/EngineMaterials/EmissiveMeshMaterial.uasset" 268
"../../../Engine/Content/EngineMaterials/EmissiveMeshMaterial.uexp" 269
"../../../Engine/Content/EngineFonts/RobotoDistanceField.uasset" 270
"../../../Engine/Content/EngineFonts/RobotoDistanceField.uexp" 271
"../../../Engine/Content/EngineMaterials/DefaultTextMaterialOpaque.uasset" 272
"../../../Engine/Content/EngineMaterials/DefaultTextMaterialOpaque.uexp" 273
"../../../Engine/Content/EngineMaterials/DefaultDiffuse.ubulk" 274
"../../../Engine/Content/EngineMaterials/DefaultDiffuse.uasset" 275
"../../../Engine/Content/EngineMaterials/DefaultDiffuse.uexp" 276
"../../../Engine/Content/Functions/Engine_MaterialFunctions02/Utility/BreakOutFloat2Components.uasset" 277
"../../../Engine/Content/Functions/Engine_MaterialFunctions02/Utility/BreakOutFloat2Components.uexp" 278
"../../../Engine/Content/EngineMaterials/DefaultPostProcessMaterial.uasset" 279
"../../../Engine/Content/EngineMaterials/DefaultPostProcessMaterial.uexp" 280
"../../../Engine/Content/EngineMaterials/DefaultPhysicalMaterial.uasset" 281
"../../../Engine/Content/EngineMaterials/DefaultPhysicalMaterial.uexp" 282
"../../../Engine/Content/EngineMaterials/DefaultDestructiblePhysicalMaterial.uasset" 283
"../../../Engine/Content/EngineMaterials/DefaultDestructiblePhysicalMaterial.uexp" 284
"../../../Engine/Content/EngineMaterials/DefaultDeferredDecalMaterial.uasset" 285
"../../../Engine/Content/EngineMaterials/DefaultDeferredDecalMaterial.uexp" 286
"../../../Engine/Content/EngineMaterials/DefaultBloomKernel.uasset" 287
"../../../Engine/Content/EngineMaterials/DefaultBloomKernel.uexp" 288
"../../../Engine/Content/EngineResources/FilmGrains/Marcie_Grain_v3_128_M2_000.uasset" 289
"../../../Engine/Content/EngineResources/FilmGrains/Marcie_Grain_v3_128_M2_000.uexp" 290
"../../../Engine/Content/EngineSky/VolumetricClouds/CloudWeatherTexture.uasset" 291
"../../../Engine/Content/EngineSky/VolumetricClouds/CloudWeatherTexture.uexp" 292
"../../../Engine/Content/Functions/Engine_MaterialFunctions02/Utility/MakeFloat2.uasset" 293
"../../../Engine/Content/Functions/Engine_MaterialFunctions02/Utility/MakeFloat2.uexp" 294
"../../../Engine/Content/EngineSky/VolumetricClouds/CloudGradientTexture.uasset" 295
"../../../Engine/Content/EngineSky/VolumetricClouds/CloudGradientTexture.uexp" 296
"../../../Engine/Content/EngineSky/VolumetricClouds/T_NoiseShape64.ubulk" 297
"../../../Engine/Content/EngineSky/VolumetricClouds/T_NoiseShape64.uasset" 298
"../../../Engine/Content/EngineSky/VolumetricClouds/T_NoiseShape64.uexp" 299
"../../../Engine/Content/EngineSky/VolumetricClouds/T_VolumeNoiseShape64.uasset" 300
"../../../Engine/Content/EngineSky/VolumetricClouds/T_VolumeNoiseShape64.uexp" 301
"../../../Engine/Content/EngineSky/VolumetricClouds/T_NoiseErosion.ubulk" 302
"../../../Engine/Content/EngineSky/VolumetricClouds/T_NoiseErosion.uasset" 303
"../../../Engine/Content/EngineSky/VolumetricClouds/T_NoiseErosion.uexp" 304
"../../../Engine/Content/EngineSky/VolumetricClouds/T_VolumeNoiseErosion32.uasset" 305
"../../../Engine/Content/EngineSky/VolumetricClouds/T_VolumeNoiseErosion32.uexp" 306
"../../../Engine/Content/EngineSky/VolumetricClouds/m_SimpleVolumetricCloud.uasset" 307
"../../../Engine/Content/EngineSky/VolumetricClouds/m_SimpleVolumetricCloud.uexp" 308
"../../../Engine/Content/EngineSky/VolumetricClouds/m_SimpleVolumetricCloud_Inst.uasset" 309
"../../../Engine/Content/EngineSky/VolumetricClouds/m_SimpleVolumetricCloud_Inst.uexp" 310
"../../../Engine/Content/EngineSounds/Master.uasset" 311
"../../../Engine/Content/EngineSounds/Master.uexp" 312
"../../../Engine/Content/Functions/Engine_MaterialFunctions01/Shading/PowerToRoughness.uasset" 313
"../../../Engine/Content/Functions/Engine_MaterialFunctions01/Shading/PowerToRoughness.uexp" 314
"../../../Engine/Content/MobileResources/HUD/VirtualJoystick_Background.uasset" 315
"../../../Engine/Content/MobileResources/HUD/VirtualJoystick_Background.uexp" 316
"../../../Engine/Content/MobileResources/HUD/VirtualJoystick_Thumb.uasset" 317
"../../../Engine/Content/MobileResources/HUD/VirtualJoystick_Thumb.uexp" 318
"../../../Engine/Content/MobileResources/HUD/DefaultVirtualJoysticks.uasset" 319
"../../../Engine/Content/MobileResources/HUD/DefaultVirtualJoysticks.uexp" 320
"../../../Engine/Plugins/2D/Paper2D/Content/PlaceholderTextures/DummySpriteTexture.ubulk" 321
"../../../Engine/Plugins/2D/Paper2D/Content/PlaceholderTextures/DummySpriteTexture.uasset" 322
"../../../Engine/Plugins/2D/Paper2D/Content/PlaceholderTextures/DummySpriteTexture.uexp" 323
"../../../Engine/Plugins/2D/Paper2D/Content/DefaultSpriteMaterial.uasset" 324
"../../../Engine/Plugins/2D/Paper2D/Content/DefaultSpriteMaterial.uexp" 325
"../../../Engine/Plugins/2D/Paper2D/Content/OpaqueUnlitSpriteMaterial.uasset" 326
"../../../Engine/Plugins/2D/Paper2D/Content/OpaqueUnlitSpriteMaterial.uexp" 327
"../../../Engine/Plugins/2D/Paper2D/Content/MaskedUnlitSpriteMaterial.uasset" 328
"../../../Engine/Plugins/2D/Paper2D/Content/MaskedUnlitSpriteMaterial.uexp" 329
"../../../Engine/Plugins/2D/Paper2D/Content/DummySprite.uasset" 330
"../../../Engine/Plugins/2D/Paper2D/Content/DummySprite.uexp" 331
"../../../Engine/Plugins/2D/Paper2D/Content/DefaultPaperTerrainMaterial.uasset" 332
"../../../Engine/Plugins/2D/Paper2D/Content/DefaultPaperTerrainMaterial.uexp" 333
"../../../Engine/Plugins/Animation/ControlRig/Content/M_Manip.uasset" 334
"../../../Engine/Plugins/Animation/ControlRig/Content/M_Manip.uexp" 335
"../../../Engine/Plugins/Animation/ControlRig/Content/Controls/DefaultGizmoLibraryNormalized.uasset" 336
"../../../Engine/Plugins/Animation/ControlRig/Content/Controls/DefaultGizmoLibraryNormalized.uexp" 337
"../../../Engine/Plugins/Animation/ControlRig/Content/Controls/ControlRig_Wedge_solid.ubulk" 338
"../../../Engine/Plugins/Animation/ControlRig/Content/Controls/ControlRig_Wedge_solid.uasset" 339
"../../../Engine/Plugins/Animation/ControlRig/Content/Controls/ControlRig_Wedge_solid.uexp" 340
"../../../Engine/Plugins/Animation/ControlRig/Content/Controls/ControlRig_Wedge_3mm.ubulk" 341
"../../../Engine/Plugins/Animation/ControlRig/Content/Controls/ControlRig_Wedge_3mm.uasset" 342
"../../../Engine/Plugins/Animation/ControlRig/Content/Controls/ControlRig_Wedge_3mm.uexp" 343
"../../../Engine/Plugins/Animation/ControlRig/Content/Controls/ControlRig_Wedge_1mm.ubulk" 344
"../../../Engine/Plugins/Animation/ControlRig/Content/Controls/ControlRig_Wedge_1mm.uasset" 345
"../../../Engine/Plugins/Animation/ControlRig/Content/Controls/ControlRig_Wedge_1mm.uexp" 346
"../../../Engine/Plugins/Animation/ControlRig/Content/Controls/ControlRig_Triangle_solid.ubulk" 347
"../../../Engine/Plugins/Animation/ControlRig/Content/Controls/ControlRig_Triangle_solid.uasset" 348
"../../../Engine/Plugins/Animation/ControlRig/Content/Controls/ControlRig_Triangle_solid.uexp" 349
"../../../Engine/Plugins/Animation/ControlRig/Content/Controls/ControlRig_Triangle_3mm.ubulk" 350
"../../../Engine/Plugins/Animation/ControlRig/Content/Controls/ControlRig_Triangle_3mm.uasset" 351
"../../../Engine/Plugins/Animation/ControlRig/Content/Controls/ControlRig_Triangle_3mm.uexp" 352
"../../../Engine/Plugins/Animation/ControlRig/Content/Controls/ControlRig_Triangle_1mm.ubulk" 353
"../../../Engine/Plugins/Animation/ControlRig/Content/Controls/ControlRig_Triangle_1mm.uasset" 354
"../../../Engine/Plugins/Animation/ControlRig/Content/Controls/ControlRig_Triangle_1mm.uexp" 355
"../../../Engine/Plugins/Animation/ControlRig/Content/Controls/ControlRig_Star4_solid.ubulk" 356
"../../../Engine/Plugins/Animation/ControlRig/Content/Controls/ControlRig_Star4_solid.uasset" 357
"../../../Engine/Plugins/Animation/ControlRig/Content/Controls/ControlRig_Star4_solid.uexp" 358
"../../../Engine/Plugins/Animation/ControlRig/Content/Controls/ControlRig_Star4_3mm.ubulk" 359
"../../../Engine/Plugins/Animation/ControlRig/Content/Controls/ControlRig_Star4_3mm.uasset" 360
"../../../Engine/Plugins/Animation/ControlRig/Content/Controls/ControlRig_Star4_3mm.uexp" 361
"../../../Engine/Plugins/Animation/ControlRig/Content/Controls/ControlRig_Star4_1mm.ubulk" 362
"../../../Engine/Plugins/Animation/ControlRig/Content/Controls/ControlRig_Star4_1mm.uasset" 363
"../../../Engine/Plugins/Animation/ControlRig/Content/Controls/ControlRig_Star4_1mm.uexp" 364
"../../../Engine/Plugins/Animation/ControlRig/Content/Controls/ControlRig_Square_solid.ubulk" 365
"../../../Engine/Plugins/Animation/ControlRig/Content/Controls/ControlRig_Square_solid.uasset" 366
"../../../Engine/Plugins/Animation/ControlRig/Content/Controls/ControlRig_Square_solid.uexp" 367
"../../../Engine/Plugins/Animation/ControlRig/Content/Controls/ControlRig_Square_3mm.ubulk" 368
"../../../Engine/Plugins/Animation/ControlRig/Content/Controls/ControlRig_Square_3mm.uasset" 369
"../../../Engine/Plugins/Animation/ControlRig/Content/Controls/ControlRig_Square_3mm.uexp" 370
"../../../Engine/Plugins/Animation/ControlRig/Content/Controls/ControlRig_Square_1mm.ubulk" 371
"../../../Engine/Plugins/Animation/ControlRig/Content/Controls/ControlRig_Square_1mm.uasset" 372
"../../../Engine/Plugins/Animation/ControlRig/Content/Controls/ControlRig_Square_1mm.uexp" 373
"../../../Engine/Plugins/Animation/ControlRig/Content/Controls/ControlRig_Sphere_solid.ubulk" 374
"../../../Engine/Plugins/Animation/ControlRig/Content/Controls/ControlRig_Sphere_solid.uasset" 375
"../../../Engine/Plugins/Animation/ControlRig/Content/Controls/ControlRig_Sphere_solid.uexp" 376
"../../../Engine/Plugins/Animation/ControlRig/Content/Controls/ControlRig_Sphere_3mm.ubulk" 377
"../../../Engine/Plugins/Animation/ControlRig/Content/Controls/ControlRig_Sphere_3mm.uasset" 378
"../../../Engine/Plugins/Animation/ControlRig/Content/Controls/ControlRig_Sphere_3mm.uexp" 379
"../../../Engine/Plugins/Animation/ControlRig/Content/Controls/ControlRig_Sphere_1mm.ubulk" 380
"../../../Engine/Plugins/Animation/ControlRig/Content/Controls/ControlRig_Sphere_1mm.uasset" 381
"../../../Engine/Plugins/Animation/ControlRig/Content/Controls/ControlRig_Sphere_1mm.uexp" 382
"../../../Engine/Plugins/Animation/ControlRig/Content/Controls/ControlRig_RoundedTriangle_solid.ubulk" 383
"../../../Engine/Plugins/Animation/ControlRig/Content/Controls/ControlRig_RoundedTriangle_solid.uasset" 384
"../../../Engine/Plugins/Animation/ControlRig/Content/Controls/ControlRig_RoundedTriangle_solid.uexp" 385
"../../../Engine/Plugins/Animation/ControlRig/Content/Controls/ControlRig_RoundedTriangle_3mm.ubulk" 386
"../../../Engine/Plugins/Animation/ControlRig/Content/Controls/ControlRig_RoundedTriangle_3mm.uasset" 387
"../../../Engine/Plugins/Animation/ControlRig/Content/Controls/ControlRig_RoundedTriangle_3mm.uexp" 388
"../../../Engine/Plugins/Animation/ControlRig/Content/Controls/ControlRig_RoundedTriangle_1mm.ubulk" 389
"../../../Engine/Plugins/Animation/ControlRig/Content/Controls/ControlRig_RoundedTriangle_1mm.uasset" 390
"../../../Engine/Plugins/Animation/ControlRig/Content/Controls/ControlRig_RoundedTriangle_1mm.uexp" 391
"../../../Engine/Plugins/Animation/ControlRig/Content/Controls/ControlRig_RoundedSquare_solid.ubulk" 392
"../../../Engine/Plugins/Animation/ControlRig/Content/Controls/ControlRig_RoundedSquare_solid.uasset" 393
"../../../Engine/Plugins/Animation/ControlRig/Content/Controls/ControlRig_RoundedSquare_solid.uexp" 394
"../../../Engine/Plugins/Animation/ControlRig/Content/Controls/ControlRig_RoundedSquare_3mm.ubulk" 395
"../../../Engine/Plugins/Animation/ControlRig/Content/Controls/ControlRig_RoundedSquare_3mm.uasset" 396
"../../../Engine/Plugins/Animation/ControlRig/Content/Controls/ControlRig_RoundedSquare_3mm.uexp" 397
"../../../Engine/Plugins/Animation/ControlRig/Content/Controls/ControlRig_RoundedSquare_1mm.ubulk" 398
"../../../Engine/Plugins/Animation/ControlRig/Content/Controls/ControlRig_RoundedSquare_1mm.uasset" 399
"../../../Engine/Plugins/Animation/ControlRig/Content/Controls/ControlRig_RoundedSquare_1mm.uexp" 400
"../../../Engine/Plugins/Animation/ControlRig/Content/Controls/ControlRig_QuarterCircle_solid.ubulk" 401
"../../../Engine/Plugins/Animation/ControlRig/Content/Controls/ControlRig_QuarterCircle_solid.uasset" 402
"../../../Engine/Plugins/Animation/ControlRig/Content/Controls/ControlRig_QuarterCircle_solid.uexp" 403
"../../../Engine/Plugins/Animation/ControlRig/Content/Controls/ControlRig_QuarterCircle_3mm.ubulk" 404
"../../../Engine/Plugins/Animation/ControlRig/Content/Controls/ControlRig_QuarterCircle_3mm.uasset" 405
"../../../Engine/Plugins/Animation/ControlRig/Content/Controls/ControlRig_QuarterCircle_3mm.uexp" 406
"../../../Engine/Plugins/Animation/ControlRig/Content/Controls/ControlRig_QuarterCircle_1mm.ubulk" 407
"../../../Engine/Plugins/Animation/ControlRig/Content/Controls/ControlRig_QuarterCircle_1mm.uasset" 408
"../../../Engine/Plugins/Animation/ControlRig/Content/Controls/ControlRig_QuarterCircle_1mm.uexp" 409
"../../../Engine/Plugins/Animation/ControlRig/Content/Controls/ControlRig_Pyramid_solid.ubulk" 410
"../../../Engine/Plugins/Animation/ControlRig/Content/Controls/ControlRig_Pyramid_solid.uasset" 411
"../../../Engine/Plugins/Animation/ControlRig/Content/Controls/ControlRig_Pyramid_solid.uexp" 412
"../../../Engine/Plugins/Animation/ControlRig/Content/Controls/ControlRig_Pyramid_3mm.ubulk" 413
"../../../Engine/Plugins/Animation/ControlRig/Content/Controls/ControlRig_Pyramid_3mm.uasset" 414
"../../../Engine/Plugins/Animation/ControlRig/Content/Controls/ControlRig_Pyramid_3mm.uexp" 415
"../../../Engine/Plugins/Animation/ControlRig/Content/Controls/ControlRig_Pyramid_1mm.ubulk" 416
"../../../Engine/Plugins/Animation/ControlRig/Content/Controls/ControlRig_Pyramid_1mm.uasset" 417
"../../../Engine/Plugins/Animation/ControlRig/Content/Controls/ControlRig_Pyramid_1mm.uexp" 418
"../../../Engine/Plugins/Animation/ControlRig/Content/Controls/ControlRig_Octagon_solid.ubulk" 419
"../../../Engine/Plugins/Animation/ControlRig/Content/Controls/ControlRig_Octagon_solid.uasset" 420
"../../../Engine/Plugins/Animation/ControlRig/Content/Controls/ControlRig_Octagon_solid.uexp" 421
"../../../Engine/Plugins/Animation/ControlRig/Content/Controls/ControlRig_Octagon_3mm.ubulk" 422
"../../../Engine/Plugins/Animation/ControlRig/Content/Controls/ControlRig_Octagon_3mm.uasset" 423
"../../../Engine/Plugins/Animation/ControlRig/Content/Controls/ControlRig_Octagon_3mm.uexp" 424
"../../../Engine/Plugins/Animation/ControlRig/Content/Controls/ControlRig_Octagon_1mm.ubulk" 425
"../../../Engine/Plugins/Animation/ControlRig/Content/Controls/ControlRig_Octagon_1mm.uasset" 426
"../../../Engine/Plugins/Animation/ControlRig/Content/Controls/ControlRig_Octagon_1mm.uexp" 427
"../../../Engine/Plugins/Animation/ControlRig/Content/Controls/ControlRig_Hexagon_solid.ubulk" 428
"../../../Engine/Plugins/Animation/ControlRig/Content/Controls/ControlRig_Hexagon_solid.uasset" 429
"../../../Engine/Plugins/Animation/ControlRig/Content/Controls/ControlRig_Hexagon_solid.uexp" 430
"../../../Engine/Plugins/Animation/ControlRig/Content/Controls/ControlRig_Hexagon_3mm.ubulk" 431
"../../../Engine/Plugins/Animation/ControlRig/Content/Controls/ControlRig_Hexagon_3mm.uasset" 432
"../../../Engine/Plugins/Animation/ControlRig/Content/Controls/ControlRig_Hexagon_3mm.uexp" 433
"../../../Engine/Plugins/Animation/ControlRig/Content/Controls/ControlRig_Hexagon_1mm.ubulk" 434
"../../../Engine/Plugins/Animation/ControlRig/Content/Controls/ControlRig_Hexagon_1mm.uasset" 435
"../../../Engine/Plugins/Animation/ControlRig/Content/Controls/ControlRig_Hexagon_1mm.uexp" 436
"../../../Engine/Plugins/Animation/ControlRig/Content/Controls/ControlRig_HalfCircle_solid.ubulk" 437
"../../../Engine/Plugins/Animation/ControlRig/Content/Controls/ControlRig_HalfCircle_solid.uasset" 438
"../../../Engine/Plugins/Animation/ControlRig/Content/Controls/ControlRig_HalfCircle_solid.uexp" 439
"../../../Engine/Plugins/Animation/ControlRig/Content/Controls/ControlRig_HalfCircle_3mm.ubulk" 440
"../../../Engine/Plugins/Animation/ControlRig/Content/Controls/ControlRig_HalfCircle_3mm.uasset" 441
"../../../Engine/Plugins/Animation/ControlRig/Content/Controls/ControlRig_HalfCircle_3mm.uexp" 442
"../../../Engine/Plugins/Animation/ControlRig/Content/Controls/ControlRig_HalfCircle_1mm.ubulk" 443
"../../../Engine/Plugins/Animation/ControlRig/Content/Controls/ControlRig_HalfCircle_1mm.uasset" 444
"../../../Engine/Plugins/Animation/ControlRig/Content/Controls/ControlRig_HalfCircle_1mm.uexp" 445
"../../../Engine/Plugins/Animation/ControlRig/Content/Controls/ControlRig_Diamond_solid.ubulk" 446
"../../../Engine/Plugins/Animation/ControlRig/Content/Controls/ControlRig_Diamond_solid.uasset" 447
"../../../Engine/Plugins/Animation/ControlRig/Content/Controls/ControlRig_Diamond_solid.uexp" 448
"../../../Engine/Plugins/Animation/ControlRig/Content/Controls/ControlRig_Diamond_3mm.ubulk" 449
"../../../Engine/Plugins/Animation/ControlRig/Content/Controls/ControlRig_Diamond_3mm.uasset" 450
"../../../Engine/Plugins/Animation/ControlRig/Content/Controls/ControlRig_Diamond_3mm.uexp" 451
"../../../Engine/Plugins/Animation/ControlRig/Content/Controls/ControlRig_Diamond_1mm.ubulk" 452
"../../../Engine/Plugins/Animation/ControlRig/Content/Controls/ControlRig_Diamond_1mm.uasset" 453
"../../../Engine/Plugins/Animation/ControlRig/Content/Controls/ControlRig_Diamond_1mm.uexp" 454
"../../../Engine/Plugins/Animation/ControlRig/Content/Controls/ControlRig_Circle_solid.ubulk" 455
"../../../Engine/Plugins/Animation/ControlRig/Content/Controls/ControlRig_Circle_solid.uasset" 456
"../../../Engine/Plugins/Animation/ControlRig/Content/Controls/ControlRig_Circle_solid.uexp" 457
"../../../Engine/Plugins/Animation/ControlRig/Content/Controls/ControlRig_Circle_3mm.ubulk" 458
"../../../Engine/Plugins/Animation/ControlRig/Content/Controls/ControlRig_Circle_3mm.uasset" 459
"../../../Engine/Plugins/Animation/ControlRig/Content/Controls/ControlRig_Circle_3mm.uexp" 460
"../../../Engine/Plugins/Animation/ControlRig/Content/Controls/ControlRig_Circle_1mm.ubulk" 461
"../../../Engine/Plugins/Animation/ControlRig/Content/Controls/ControlRig_Circle_1mm.uasset" 462
"../../../Engine/Plugins/Animation/ControlRig/Content/Controls/ControlRig_Circle_1mm.uexp" 463
"../../../Engine/Plugins/Animation/ControlRig/Content/Controls/ControlRig_Box_solid.ubulk" 464
"../../../Engine/Plugins/Animation/ControlRig/Content/Controls/ControlRig_Box_solid.uasset" 465
"../../../Engine/Plugins/Animation/ControlRig/Content/Controls/ControlRig_Box_solid.uexp" 466
"../../../Engine/Plugins/Animation/ControlRig/Content/Controls/ControlRig_Box_3mm.ubulk" 467
"../../../Engine/Plugins/Animation/ControlRig/Content/Controls/ControlRig_Box_3mm.uasset" 468
"../../../Engine/Plugins/Animation/ControlRig/Content/Controls/ControlRig_Box_3mm.uexp" 469
"../../../Engine/Plugins/Animation/ControlRig/Content/Controls/ControlRig_Box_1mm.ubulk" 470
"../../../Engine/Plugins/Animation/ControlRig/Content/Controls/ControlRig_Box_1mm.uasset" 471
"../../../Engine/Plugins/Animation/ControlRig/Content/Controls/ControlRig_Box_1mm.uexp" 472
"../../../Engine/Plugins/Animation/ControlRig/Content/Controls/ControlRig_Arrow_solid.ubulk" 473
"../../../Engine/Plugins/Animation/ControlRig/Content/Controls/ControlRig_Arrow_solid.uasset" 474
"../../../Engine/Plugins/Animation/ControlRig/Content/Controls/ControlRig_Arrow_solid.uexp" 475
"../../../Engine/Plugins/Animation/ControlRig/Content/Controls/ControlRig_Arrow_3mm.ubulk" 476
"../../../Engine/Plugins/Animation/ControlRig/Content/Controls/ControlRig_Arrow_3mm.uasset" 477
"../../../Engine/Plugins/Animation/ControlRig/Content/Controls/ControlRig_Arrow_3mm.uexp" 478
"../../../Engine/Plugins/Animation/ControlRig/Content/Controls/ControlRig_Arrow_1mm.ubulk" 479
"../../../Engine/Plugins/Animation/ControlRig/Content/Controls/ControlRig_Arrow_1mm.uasset" 480
"../../../Engine/Plugins/Animation/ControlRig/Content/Controls/ControlRig_Arrow_1mm.uexp" 481
"../../../Engine/Plugins/Animation/ControlRig/Content/Controls/ControlRig_Arrow4_solid.ubulk" 482
"../../../Engine/Plugins/Animation/ControlRig/Content/Controls/ControlRig_Arrow4_solid.uasset" 483
"../../../Engine/Plugins/Animation/ControlRig/Content/Controls/ControlRig_Arrow4_solid.uexp" 484
"../../../Engine/Plugins/Animation/ControlRig/Content/Controls/ControlRig_Arrow4_3mm.ubulk" 485
"../../../Engine/Plugins/Animation/ControlRig/Content/Controls/ControlRig_Arrow4_3mm.uasset" 486
"../../../Engine/Plugins/Animation/ControlRig/Content/Controls/ControlRig_Arrow4_3mm.uexp" 487
"../../../Engine/Plugins/Animation/ControlRig/Content/Controls/ControlRig_Arrow4_1mm.ubulk" 488
"../../../Engine/Plugins/Animation/ControlRig/Content/Controls/ControlRig_Arrow4_1mm.uasset" 489
"../../../Engine/Plugins/Animation/ControlRig/Content/Controls/ControlRig_Arrow4_1mm.uexp" 490
"../../../Engine/Plugins/Animation/ControlRig/Content/Controls/ControlRig_Arrow2_solid.ubulk" 491
"../../../Engine/Plugins/Animation/ControlRig/Content/Controls/ControlRig_Arrow2_solid.uasset" 492
"../../../Engine/Plugins/Animation/ControlRig/Content/Controls/ControlRig_Arrow2_solid.uexp" 493
"../../../Engine/Plugins/Animation/ControlRig/Content/Controls/ControlRig_Arrow2_3mm.ubulk" 494
"../../../Engine/Plugins/Animation/ControlRig/Content/Controls/ControlRig_Arrow2_3mm.uasset" 495
"../../../Engine/Plugins/Animation/ControlRig/Content/Controls/ControlRig_Arrow2_3mm.uexp" 496
"../../../Engine/Plugins/Animation/ControlRig/Content/Controls/ControlRig_Arrow2_1mm.ubulk" 497
"../../../Engine/Plugins/Animation/ControlRig/Content/Controls/ControlRig_Arrow2_1mm.uasset" 498
"../../../Engine/Plugins/Animation/ControlRig/Content/Controls/ControlRig_Arrow2_1mm.uexp" 499
"../../../Engine/Plugins/Animation/ControlRig/Content/Controls/ControlRigXRayMaterial.uasset" 500
"../../../Engine/Plugins/Animation/ControlRig/Content/Controls/ControlRigXRayMaterial.uexp" 501
"../../../Engine/Plugins/Animation/ControlRig/Content/Controls/ControlRigGizmoMaterial.uasset" 502
"../../../Engine/Plugins/Animation/ControlRig/Content/Controls/ControlRigGizmoMaterial.uexp" 503
"../../../Engine/Plugins/Editor/SpeedTreeImporter/Content/SpeedTree9/game_wind_noise.ubulk" 504
"../../../Engine/Plugins/Editor/SpeedTreeImporter/Content/SpeedTree9/game_wind_noise.uasset" 505
"../../../Engine/Plugins/Editor/SpeedTreeImporter/Content/SpeedTree9/game_wind_noise.uexp" 506
"../../../Engine/Plugins/Editor/SpeedTreeImporter/Content/SpeedTree9/UnpackDirection.uasset" 507
"../../../Engine/Plugins/Editor/SpeedTreeImporter/Content/SpeedTree9/UnpackDirection.uexp" 508
"../../../Engine/Content/Functions/Engine_MaterialFunctions02/ObjectLocalBounds.uasset" 509
"../../../Engine/Content/Functions/Engine_MaterialFunctions02/ObjectLocalBounds.uexp" 510
"../../../Engine/Content/Functions/Engine_MaterialFunctions02/UVs/BoundingBoxBased_0-1_UVW.uasset" 511
"../../../Engine/Content/Functions/Engine_MaterialFunctions02/UVs/BoundingBoxBased_0-1_UVW.uexp" 512
"../../../Engine/Content/Functions/Engine_MaterialFunctions02/Utility/VectorLength.uasset" 513
"../../../Engine/Content/Functions/Engine_MaterialFunctions02/Utility/VectorLength.uexp" 514
"../../../Engine/Plugins/Editor/SpeedTreeImporter/Content/SpeedTree9/UnpackInteger3.uasset" 515
"../../../Engine/Plugins/Editor/SpeedTreeImporter/Content/SpeedTree9/UnpackInteger3.uexp" 516
"../../../Engine/Plugins/Editor/SpeedTreeImporter/Content/SpeedTree9/SpeedTreeCameraFacing.uasset" 517
"../../../Engine/Plugins/Editor/SpeedTreeImporter/Content/SpeedTree9/SpeedTreeCameraFacing.uexp" 518
"../../../Engine/Content/Functions/Engine_MaterialFunctions02/WorldPositionOffset/ObjectScale.uasset" 519
"../../../Engine/Content/Functions/Engine_MaterialFunctions02/WorldPositionOffset/ObjectScale.uexp" 520
"../../../Engine/Content/Functions/Engine_MaterialFunctions02/SafeNormalize.uasset" 521
"../../../Engine/Content/Functions/Engine_MaterialFunctions02/SafeNormalize.uexp" 522
"../../../Engine/Plugins/Editor/SpeedTreeImporter/Content/SpeedTree9/SpeedTreeWindMotion.uasset" 523
"../../../Engine/Plugins/Editor/SpeedTreeImporter/Content/SpeedTree9/SpeedTreeWindMotion.uexp" 524
"../../../Engine/Plugins/Editor/SpeedTreeImporter/Content/SpeedTree9/SpeedTreeBranchMotion.uasset" 525
"../../../Engine/Plugins/Editor/SpeedTreeImporter/Content/SpeedTree9/SpeedTreeBranchMotion.uexp" 526
"../../../Engine/Plugins/Editor/SpeedTreeImporter/Content/SpeedTree9/SpeedTreeWind.uasset" 527
"../../../Engine/Plugins/Editor/SpeedTreeImporter/Content/SpeedTree9/SpeedTreeWind.uexp" 528
"../../../Engine/Plugins/Editor/SpeedTreeImporter/Content/SpeedTree9/EmptyNormal.uasset" 529
"../../../Engine/Plugins/Editor/SpeedTreeImporter/Content/SpeedTree9/EmptyNormal.uexp" 530
"../../../Engine/Plugins/Editor/SpeedTreeImporter/Content/SpeedTree9/Empty.uasset" 531
"../../../Engine/Plugins/Editor/SpeedTreeImporter/Content/SpeedTree9/Empty.uexp" 532
"../../../Engine/Plugins/Editor/SpeedTreeImporter/Content/SpeedTree9/SpeedTreeMaster.uasset" 533
"../../../Engine/Plugins/Editor/SpeedTreeImporter/Content/SpeedTree9/SpeedTreeMaster.uexp" 534
"../../../Engine/Plugins/Editor/SpeedTreeImporter/Content/SpeedTree9/SpeedTreeBillboard.uasset" 535
"../../../Engine/Plugins/Editor/SpeedTreeImporter/Content/SpeedTree9/SpeedTreeBillboard.uexp" 536
"../../../Engine/Plugins/Editor/SpeedTreeImporter/Content/SpeedTree9/SpeedTreeBillboardMaster.uasset" 537
"../../../Engine/Plugins/Editor/SpeedTreeImporter/Content/SpeedTree9/SpeedTreeBillboardMaster.uexp" 538
"../../../Engine/Content/Functions/Engine_MaterialFunctions02/Texturing/CustomRotator.uasset" 539
"../../../Engine/Content/Functions/Engine_MaterialFunctions02/Texturing/CustomRotator.uexp" 540
"../../../Engine/Content/Functions/Engine_MaterialFunctions02/Texturing/ScreenAlignedPixelToPixelUVs.uasset" 541
"../../../Engine/Content/Functions/Engine_MaterialFunctions02/Texturing/ScreenAlignedPixelToPixelUVs.uexp" 542
"../../../Engine/Plugins/Interchange/Runtime/Content/Utilities/T_Bayer64_Grayscale_64px.uasset" 543
"../../../Engine/Plugins/Interchange/Runtime/Content/Utilities/T_Bayer64_Grayscale_64px.uexp" 544
"../../../Engine/Plugins/Interchange/Runtime/Content/gltf/MaterialFunctions/MF_Temporal_Blur.uasset" 545
"../../../Engine/Plugins/Interchange/Runtime/Content/gltf/MaterialFunctions/MF_Temporal_Blur.uexp" 546
"../../../Engine/Plugins/Interchange/Runtime/Content/gltf/MaterialFunctions/MF_Fresnel_DS.uasset" 547
"../../../Engine/Plugins/Interchange/Runtime/Content/gltf/MaterialFunctions/MF_Fresnel_DS.uexp" 548
"../../../Engine/Plugins/Interchange/Runtime/Content/Functions/MX_Transmission.uasset" 549
"../../../Engine/Plugins/Interchange/Runtime/Content/Functions/MX_Transmission.uexp" 550
"../../../Engine/Plugins/Interchange/Runtime/Content/Functions/MF_OrenNayerView.uasset" 551
"../../../Engine/Plugins/Interchange/Runtime/Content/Functions/MF_OrenNayerView.uexp" 552
"../../../Engine/Plugins/Interchange/Runtime/Content/Functions/MF_SchlickApprox.uasset" 553
"../../../Engine/Plugins/Interchange/Runtime/Content/Functions/MF_SchlickApprox.uexp" 554
"../../../Engine/Plugins/Interchange/Runtime/Content/Utilities/New_LUT.uasset" 555
"../../../Engine/Plugins/Interchange/Runtime/Content/Utilities/New_LUT.uexp" 556
"../../../Engine/Content/Functions/Engine_MaterialFunctions03/Math/RemapValueRange.uasset" 557
"../../../Engine/Content/Functions/Engine_MaterialFunctions03/Math/RemapValueRange.uexp" 558
"../../../Engine/Plugins/Interchange/Runtime/Content/Functions/MF_Iridescence.uasset" 559
"../../../Engine/Plugins/Interchange/Runtime/Content/Functions/MF_Iridescence.uexp" 560
"../../../Engine/Plugins/Interchange/Runtime/Content/Functions/MX_StandardSurface.uasset" 561
"../../../Engine/Plugins/Interchange/Runtime/Content/Functions/MX_StandardSurface.uexp" 562
"../../../Engine/Plugins/Interchange/Runtime/Content/Functions/MX_TransmissionSurface.uasset" 563
"../../../Engine/Plugins/Interchange/Runtime/Content/Functions/MX_TransmissionSurface.uexp" 564
"../../../Engine/Content/Functions/Engine_MaterialFunctions02/Math/AddComponents.uasset" 565
"../../../Engine/Content/Functions/Engine_MaterialFunctions02/Math/AddComponents.uexp" 566
"../../../Engine/Content/Functions/Engine_MaterialFunctions02/WorldPositionOffset/V2/ObjectScale.uasset" 567
"../../../Engine/Content/Functions/Engine_MaterialFunctions02/WorldPositionOffset/V2/ObjectScale.uexp" 568
"../../../Engine/Plugins/Interchange/Runtime/Content/gltf/MaterialFunctions/MF_TransmissionOpacity.uasset" 569
"../../../Engine/Plugins/Interchange/Runtime/Content/gltf/MaterialFunctions/MF_TransmissionOpacity.uexp" 570
"../../../Engine/Plugins/Interchange/Runtime/Content/gltf/MaterialFunctions/MF_RotateV2.uasset" 571
"../../../Engine/Plugins/Interchange/Runtime/Content/gltf/MaterialFunctions/MF_RotateV2.uexp" 572
"../../../Engine/Plugins/Interchange/Runtime/Content/gltf/MaterialFunctions/MF_TransformUVs.uasset" 573
"../../../Engine/Plugins/Interchange/Runtime/Content/gltf/MaterialFunctions/MF_TransformUVs.uexp" 574
"../../../Engine/Plugins/Interchange/Runtime/Content/gltf/Textures/T_White_srgb.uasset" 575
"../../../Engine/Plugins/Interchange/Runtime/Content/gltf/Textures/T_White_srgb.uexp" 576
"../../../Engine/Plugins/Interchange/Runtime/Content/gltf/MaterialFunctions/MF_BaseColor.uasset" 577
"../../../Engine/Plugins/Interchange/Runtime/Content/gltf/MaterialFunctions/MF_BaseColor.uexp" 578
"../../../Engine/Plugins/Interchange/Runtime/Content/gltf/MaterialFunctions/MF_DiffuseSpecGloss.uasset" 579
"../../../Engine/Plugins/Interchange/Runtime/Content/gltf/MaterialFunctions/MF_DiffuseSpecGloss.uexp" 580
"../../../Engine/Plugins/Interchange/Runtime/Content/gltf/Textures/T_White_Linear.uasset" 581
"../../../Engine/Plugins/Interchange/Runtime/Content/gltf/Textures/T_White_Linear.uexp" 582
"../../../Engine/Plugins/Interchange/Runtime/Content/gltf/MaterialFunctions/MF_MetallicRoughness.uasset" 583
"../../../Engine/Plugins/Interchange/Runtime/Content/gltf/MaterialFunctions/MF_MetallicRoughness.uexp" 584
"../../../Engine/Plugins/Interchange/Runtime/Content/gltf/MaterialFunctions/MF_Transmission.uasset" 585
"../../../Engine/Plugins/Interchange/Runtime/Content/gltf/MaterialFunctions/MF_Transmission.uexp" 586
"../../../Engine/Plugins/Interchange/Runtime/Content/gltf/MaterialFunctions/MF_Occlusion.uasset" 587
"../../../Engine/Plugins/Interchange/Runtime/Content/gltf/MaterialFunctions/MF_Occlusion.uexp" 588
"../../../Engine/Plugins/Interchange/Runtime/Content/gltf/MaterialFunctions/MF_Specular.uasset" 589
"../../../Engine/Plugins/Interchange/Runtime/Content/gltf/MaterialFunctions/MF_Specular.uexp" 590
"../../../Engine/Plugins/Interchange/Runtime/Content/gltf/MaterialFunctions/MF_IOR.uasset" 591
"../../../Engine/Plugins/Interchange/Runtime/Content/gltf/MaterialFunctions/MF_IOR.uexp" 592
"../../../Engine/Content/Functions/Engine_MaterialFunctions01/Texturing/FlattenNormal.uasset" 593
"../../../Engine/Content/Functions/Engine_MaterialFunctions01/Texturing/FlattenNormal.uexp" 594
"../../../Engine/Content/Functions/Engine_MaterialFunctions02/Math/Transform3x3Matrix.uasset" 595
"../../../Engine/Content/Functions/Engine_MaterialFunctions02/Math/Transform3x3Matrix.uexp" 596
"../../../Engine/Plugins/Interchange/Runtime/Content/gltf/MaterialFunctions/MF_RotateNormals_TS.uasset" 597
"../../../Engine/Plugins/Interchange/Runtime/Content/gltf/MaterialFunctions/MF_RotateNormals_TS.uexp" 598
"../../../Engine/Plugins/Interchange/Runtime/Content/gltf/Textures/T_Generic_N.uasset" 599
"../../../Engine/Plugins/Interchange/Runtime/Content/gltf/Textures/T_Generic_N.uexp" 600
"../../../Engine/Plugins/Interchange/Runtime/Content/gltf/MaterialFunctions/MF_Normals.uasset" 601
"../../../Engine/Plugins/Interchange/Runtime/Content/gltf/MaterialFunctions/MF_Normals.uexp" 602
"../../../Engine/Plugins/Interchange/Runtime/Content/gltf/MaterialFunctions/MF_PerceivedBrightness.uasset" 603
"../../../Engine/Plugins/Interchange/Runtime/Content/gltf/MaterialFunctions/MF_PerceivedBrightness.uexp" 604
"../../../Engine/Plugins/Interchange/Runtime/Content/gltf/MaterialFunctions/MF_SpecGlossToMetalRoughness.uasset" 605
"../../../Engine/Plugins/Interchange/Runtime/Content/gltf/MaterialFunctions/MF_SpecGlossToMetalRoughness.uexp" 606
"../../../Engine/Plugins/Interchange/Runtime/Content/gltf/M_Transmission.uasset" 607
"../../../Engine/Plugins/Interchange/Runtime/Content/gltf/M_Transmission.uexp" 608
"../../../Engine/Plugins/Interchange/Runtime/Content/gltf/MaterialInstances_MR/MI_Transmission_TS.uasset" 609
"../../../Engine/Plugins/Interchange/Runtime/Content/gltf/MaterialInstances_MR/MI_Transmission_TS.uexp" 610
"../../../Engine/Plugins/Interchange/Runtime/Content/gltf/MaterialInstances_MR/MI_Transmission.uasset" 611
"../../../Engine/Plugins/Interchange/Runtime/Content/gltf/MaterialInstances_MR/MI_Transmission.uexp" 612
"../../../Engine/Plugins/Interchange/Runtime/Content/gltf/MaterialFunctions/MF_Clearcoat.uasset" 613
"../../../Engine/Plugins/Interchange/Runtime/Content/gltf/MaterialFunctions/MF_Clearcoat.uexp" 614
"../../../Engine/Plugins/Interchange/Runtime/Content/gltf/MaterialFunctions/MF_Emissive.uasset" 615
"../../../Engine/Plugins/Interchange/Runtime/Content/gltf/MaterialFunctions/MF_Emissive.uexp" 616
"../../../Engine/Plugins/Interchange/Runtime/Content/gltf/M_Translucent.uasset" 617
"../../../Engine/Plugins/Interchange/Runtime/Content/gltf/M_Translucent.uexp" 618
"../../../Engine/Plugins/Interchange/Runtime/Content/gltf/MaterialInstances_MR/MI_Translucent_TS.uasset" 619
"../../../Engine/Plugins/Interchange/Runtime/Content/gltf/MaterialInstances_MR/MI_Translucent_TS.uexp" 620
"../../../Engine/Plugins/Interchange/Runtime/Content/gltf/MaterialInstances_MR/MI_Translucent_ClearCoat_TS.uasset" 621
"../../../Engine/Plugins/Interchange/Runtime/Content/gltf/MaterialInstances_MR/MI_Translucent_ClearCoat_TS.uexp" 622
"../../../Engine/Plugins/Interchange/Runtime/Content/gltf/MaterialInstances_MR/MI_Translucent_ClearCoat.uasset" 623
"../../../Engine/Plugins/Interchange/Runtime/Content/gltf/MaterialInstances_MR/MI_Translucent_ClearCoat.uexp" 624
"../../../Engine/Plugins/Interchange/Runtime/Content/gltf/MaterialInstances_MR/MI_Translucent.uasset" 625
"../../../Engine/Plugins/Interchange/Runtime/Content/gltf/MaterialInstances_MR/MI_Translucent.uexp" 626
"../../../Engine/Plugins/Interchange/Runtime/Content/gltf/M_Unlit.uasset" 627
"../../../Engine/Plugins/Interchange/Runtime/Content/gltf/M_Unlit.uexp" 628
"../../../Engine/Plugins/Interchange/Runtime/Content/gltf/MaterialInstances_MR/MI_Opaque_Unlit_TS.uasset" 629
"../../../Engine/Plugins/Interchange/Runtime/Content/gltf/MaterialInstances_MR/MI_Opaque_Unlit_TS.uexp" 630
"../../../Engine/Plugins/Interchange/Runtime/Content/gltf/MaterialInstances_MR/MI_Opaque_Unlit.uasset" 631
"../../../Engine/Plugins/Interchange/Runtime/Content/gltf/MaterialInstances_MR/MI_Opaque_Unlit.uexp" 632
"../../../Engine/Plugins/Interchange/Runtime/Content/gltf/M_Opaque.uasset" 633
"../../../Engine/Plugins/Interchange/Runtime/Content/gltf/M_Opaque.uexp" 634
"../../../Engine/Plugins/Interchange/Runtime/Content/gltf/MaterialInstances_MR/MI_Opaque_TS.uasset" 635
"../../../Engine/Plugins/Interchange/Runtime/Content/gltf/MaterialInstances_MR/MI_Opaque_TS.uexp" 636
"../../../Engine/Plugins/Interchange/Runtime/Content/gltf/MaterialFunctions/MF_Sheen.uasset" 637
"../../../Engine/Plugins/Interchange/Runtime/Content/gltf/MaterialFunctions/MF_Sheen.uexp" 638
"../../../Engine/Content/Functions/Engine_MaterialFunctions01/Shading/FuzzyShading.uasset" 639
"../../../Engine/Content/Functions/Engine_MaterialFunctions01/Shading/FuzzyShading.uexp" 640
"../../../Engine/Plugins/Interchange/Runtime/Content/gltf/M_Sheen.uasset" 641
"../../../Engine/Plugins/Interchange/Runtime/Content/gltf/M_Sheen.uexp" 642
"../../../Engine/Plugins/Interchange/Runtime/Content/gltf/MaterialInstances_MR/MI_Opaque_Sheen_TS.uasset" 643
"../../../Engine/Plugins/Interchange/Runtime/Content/gltf/MaterialInstances_MR/MI_Opaque_Sheen_TS.uexp" 644
"../../../Engine/Plugins/Interchange/Runtime/Content/gltf/MaterialInstances_MR/MI_Opaque_Sheen.uasset" 645
"../../../Engine/Plugins/Interchange/Runtime/Content/gltf/MaterialInstances_MR/MI_Opaque_Sheen.uexp" 646
"../../../Engine/Plugins/Interchange/Runtime/Content/gltf/MaterialInstances_MR/MI_Opaque_ClearCoat_TS.uasset" 647
"../../../Engine/Plugins/Interchange/Runtime/Content/gltf/MaterialInstances_MR/MI_Opaque_ClearCoat_TS.uexp" 648
"../../../Engine/Plugins/Interchange/Runtime/Content/gltf/MaterialInstances_MR/MI_Opaque_ClearCoat.uasset" 649
"../../../Engine/Plugins/Interchange/Runtime/Content/gltf/MaterialInstances_MR/MI_Opaque_ClearCoat.uexp" 650
"../../../Engine/Plugins/Interchange/Runtime/Content/gltf/MaterialInstances_MR/MI_Opaque.uasset" 651
"../../../Engine/Plugins/Interchange/Runtime/Content/gltf/MaterialInstances_MR/MI_Opaque.uexp" 652
"../../../Engine/Plugins/Interchange/Runtime/Content/gltf/MaterialInstances_SG/MI_Transmission_TS.uasset" 653
"../../../Engine/Plugins/Interchange/Runtime/Content/gltf/MaterialInstances_SG/MI_Transmission_TS.uexp" 654
"../../../Engine/Plugins/Interchange/Runtime/Content/gltf/MaterialInstances_SG/MI_Transmission.uasset" 655
"../../../Engine/Plugins/Interchange/Runtime/Content/gltf/MaterialInstances_SG/MI_Transmission.uexp" 656
"../../../Engine/Plugins/Interchange/Runtime/Content/gltf/MaterialInstances_SG/MI_Translucent_TS.uasset" 657
"../../../Engine/Plugins/Interchange/Runtime/Content/gltf/MaterialInstances_SG/MI_Translucent_TS.uexp" 658
"../../../Engine/Plugins/Interchange/Runtime/Content/gltf/MaterialInstances_SG/MI_Translucent_ClearCoat_TS.uasset" 659
"../../../Engine/Plugins/Interchange/Runtime/Content/gltf/MaterialInstances_SG/MI_Translucent_ClearCoat_TS.uexp" 660
"../../../Engine/Plugins/Interchange/Runtime/Content/gltf/MaterialInstances_SG/MI_Translucent_ClearCoat.uasset" 661
"../../../Engine/Plugins/Interchange/Runtime/Content/gltf/MaterialInstances_SG/MI_Translucent_ClearCoat.uexp" 662
"../../../Engine/Plugins/Interchange/Runtime/Content/gltf/MaterialInstances_SG/MI_Translucent.uasset" 663
"../../../Engine/Plugins/Interchange/Runtime/Content/gltf/MaterialInstances_SG/MI_Translucent.uexp" 664
"../../../Engine/Plugins/Interchange/Runtime/Content/gltf/MaterialInstances_SG/MI_Opaque_TS.uasset" 665
"../../../Engine/Plugins/Interchange/Runtime/Content/gltf/MaterialInstances_SG/MI_Opaque_TS.uexp" 666
"../../../Engine/Plugins/Interchange/Runtime/Content/gltf/MaterialInstances_SG/MI_Opaque_Sheen_TS.uasset" 667
"../../../Engine/Plugins/Interchange/Runtime/Content/gltf/MaterialInstances_SG/MI_Opaque_Sheen_TS.uexp" 668
"../../../Engine/Plugins/Interchange/Runtime/Content/gltf/MaterialInstances_SG/MI_Opaque_Sheen.uasset" 669
"../../../Engine/Plugins/Interchange/Runtime/Content/gltf/MaterialInstances_SG/MI_Opaque_Sheen.uexp" 670
"../../../Engine/Plugins/Interchange/Runtime/Content/gltf/MaterialInstances_SG/MI_Opaque_ClearCoat_TS.uasset" 671
"../../../Engine/Plugins/Interchange/Runtime/Content/gltf/MaterialInstances_SG/MI_Opaque_ClearCoat_TS.uexp" 672
"../../../Engine/Plugins/Interchange/Runtime/Content/gltf/MaterialInstances_SG/MI_Opaque_ClearCoat.uasset" 673
"../../../Engine/Plugins/Interchange/Runtime/Content/gltf/MaterialInstances_SG/MI_Opaque_ClearCoat.uexp" 674
"../../../Engine/Plugins/Interchange/Runtime/Content/gltf/MaterialInstances_SG/MI_Opaque.uasset" 675
"../../../Engine/Plugins/Interchange/Runtime/Content/gltf/MaterialInstances_SG/MI_Opaque.uexp" 676
"../../../Engine/Plugins/Interchange/Runtime/Content/gltf/Textures/T_Gray_Linear.uasset" 677
"../../../Engine/Plugins/Interchange/Runtime/Content/gltf/Textures/T_Gray_Linear.uexp" 678
"../../../Engine/Plugins/Interchange/Runtime/Content/gltf/Textures/T_Black_srgb.uasset" 679
"../../../Engine/Plugins/Interchange/Runtime/Content/gltf/Textures/T_Black_srgb.uexp" 680
"../../../Engine/Plugins/Interchange/Runtime/Content/Materials/UnlitMaterial.uasset" 681
"../../../Engine/Plugins/Interchange/Runtime/Content/Materials/UnlitMaterial.uexp" 682
"../../../Engine/Content/EngineMaterials/DefaultNormal.ubulk" 683
"../../../Engine/Content/EngineMaterials/DefaultNormal.uasset" 684
"../../../Engine/Content/EngineMaterials/DefaultNormal.uexp" 685
"../../../Engine/Plugins/Interchange/Runtime/Content/Materials/MapOrScalarFunction.uasset" 686
"../../../Engine/Plugins/Interchange/Runtime/Content/Materials/MapOrScalarFunction.uexp" 687
"../../../Engine/Plugins/Interchange/Runtime/Content/Materials/MapOrLinearColorFunction.uasset" 688
"../../../Engine/Plugins/Interchange/Runtime/Content/Materials/MapOrLinearColorFunction.uexp" 689
"../../../Engine/Plugins/Interchange/Runtime/Content/Materials/MapOrColorFunction.uasset" 690
"../../../Engine/Plugins/Interchange/Runtime/Content/Materials/MapOrColorFunction.uexp" 691
"../../../Engine/Plugins/Interchange/Runtime/Content/Materials/CommonMaterial.uasset" 692
"../../../Engine/Plugins/Interchange/Runtime/Content/Materials/CommonMaterial.uexp" 693
"../../../Engine/Plugins/Interchange/Runtime/Content/Materials/PBRSurfaceFunction.uasset" 694
"../../../Engine/Plugins/Interchange/Runtime/Content/Materials/PBRSurfaceFunction.uexp" 695
"../../../Engine/Plugins/Interchange/Runtime/Content/Materials/ThinTranslucentMaterial.uasset" 696
"../../../Engine/Plugins/Interchange/Runtime/Content/Materials/ThinTranslucentMaterial.uexp" 697
"../../../Engine/Plugins/Interchange/Runtime/Content/Materials/SubsurfaceMaterial.uasset" 698
"../../../Engine/Plugins/Interchange/Runtime/Content/Materials/SubsurfaceMaterial.uexp" 699
"../../../Engine/Plugins/Interchange/Runtime/Content/Materials/SheenMaterial.uasset" 700
"../../../Engine/Plugins/Interchange/Runtime/Content/Materials/SheenMaterial.uexp" 701
"../../../Engine/Content/Functions/Engine_MaterialFunctions01/Shading/ConvertFromDiffSpec.uasset" 702
"../../../Engine/Content/Functions/Engine_MaterialFunctions01/Shading/ConvertFromDiffSpec.uexp" 703
"../../../Engine/Plugins/Interchange/Runtime/Content/Materials/PhongSurfaceMaterial.uasset" 704
"../../../Engine/Plugins/Interchange/Runtime/Content/Materials/PhongSurfaceMaterial.uexp" 705
"../../../Engine/Plugins/Interchange/Runtime/Content/Materials/PBRSurfaceMaterial.uasset" 706
"../../../Engine/Plugins/Interchange/Runtime/Content/Materials/PBRSurfaceMaterial.uexp" 707
"../../../Engine/Content/EngineMaterials/FlatNormal.uasset" 708
"../../../Engine/Content/EngineMaterials/FlatNormal.uexp" 709
"../../../Engine/Content/EditorLandscapeResources/WhiteSquareTexture.uasset" 710
"../../../Engine/Content/EditorLandscapeResources/WhiteSquareTexture.uexp" 711
"../../../Engine/Plugins/Interchange/Runtime/Content/Materials/OrenNayerMaterial.uasset" 712
"../../../Engine/Plugins/Interchange/Runtime/Content/Materials/OrenNayerMaterial.uexp" 713
"../../../Engine/Plugins/Interchange/Runtime/Content/Materials/LambertSurfaceMaterial.uasset" 714
"../../../Engine/Plugins/Interchange/Runtime/Content/Materials/LambertSurfaceMaterial.uexp" 715
"../../../Engine/Plugins/Interchange/Runtime/Content/Materials/ClearCoatMaterial.uasset" 716
"../../../Engine/Plugins/Interchange/Runtime/Content/Materials/ClearCoatMaterial.uexp" 717
"../../../Engine/Plugins/Interchange/Runtime/Content/Pipelines/DefaultTexturePipeline.uasset" 718
"../../../Engine/Plugins/Interchange/Runtime/Content/Pipelines/DefaultTexturePipeline.uexp" 719
"../../../Engine/Plugins/Interchange/Runtime/Content/Pipelines/DefaultSceneLevelPipeline.uasset" 720
"../../../Engine/Plugins/Interchange/Runtime/Content/Pipelines/DefaultSceneLevelPipeline.uexp" 721
"../../../Engine/Plugins/Interchange/Runtime/Content/Pipelines/DefaultSceneAssetsPipeline.uasset" 722
"../../../Engine/Plugins/Interchange/Runtime/Content/Pipelines/DefaultSceneAssetsPipeline.uexp" 723
"../../../Engine/Plugins/Interchange/Runtime/Content/Pipelines/DefaultMaterialPipeline.uasset" 724
"../../../Engine/Plugins/Interchange/Runtime/Content/Pipelines/DefaultMaterialPipeline.uexp" 725
"../../../Engine/Plugins/Interchange/Runtime/Content/Pipelines/DefaultAssetsPipeline.uasset" 726
"../../../Engine/Plugins/Interchange/Runtime/Content/Pipelines/DefaultAssetsPipeline.uexp" 727
"../../../Engine/Plugins/Runtime/MeshModelingToolset/Content/Materials/M_DynamicMeshComponentVtxColor.uasset" 728
"../../../Engine/Plugins/Runtime/MeshModelingToolset/Content/Materials/M_DynamicMeshComponentVtxColor.uexp" 729
"D:/UE_Projects/marioCorr/Content/BP/MarioTimerManagerBP.uasset" 730
"D:/UE_Projects/marioCorr/Content/BP/MarioTimerManagerBP.uexp" 731
"D:/UE_Projects/marioCorr/Content/BP/MarioGameInstanceBP.uasset" 732
"D:/UE_Projects/marioCorr/Content/BP/MarioGameInstanceBP.uexp" 733
"D:/UE_Projects/marioCorr/Content/Characters/Mannequins/Meshes/SK_Mannequin.uasset" 734
"D:/UE_Projects/marioCorr/Content/Characters/Mannequins/Meshes/SK_Mannequin.uexp" 735
"D:/UE_Projects/marioCorr/Content/Characters/Mannequins/Textures/Quinn/T_Quinn_02ID_MSR_MSK.ubulk" 736
"D:/UE_Projects/marioCorr/Content/Characters/Mannequins/Textures/Quinn/T_Quinn_02ID_MSR_MSK.uasset" 737
"D:/UE_Projects/marioCorr/Content/Characters/Mannequins/Textures/Quinn/T_Quinn_02ID_MSR_MSK.uexp" 738
"D:/UE_Projects/marioCorr/Content/Characters/Mannequins/Textures/Quinn/T_Quinn_02ID_BN.ubulk" 739
"D:/UE_Projects/marioCorr/Content/Characters/Mannequins/Textures/Quinn/T_Quinn_02ID_BN.uasset" 740
"D:/UE_Projects/marioCorr/Content/Characters/Mannequins/Textures/Quinn/T_Quinn_02ID_BN.uexp" 741
"D:/UE_Projects/marioCorr/Content/Characters/Mannequins/Textures/Quinn/T_Quinn_02_ASAOMASK_MSK.ubulk" 742
"D:/UE_Projects/marioCorr/Content/Characters/Mannequins/Textures/Quinn/T_Quinn_02_ASAOMASK_MSK.uasset" 743
"D:/UE_Projects/marioCorr/Content/Characters/Mannequins/Textures/Quinn/T_Quinn_02_ASAOMASK_MSK.uexp" 744
"D:/UE_Projects/marioCorr/Content/Characters/Mannequins/Textures/Quinn/T_Quinn_02_CCRCCPlastic_MSK.ubulk" 745
"D:/UE_Projects/marioCorr/Content/Characters/Mannequins/Textures/Quinn/T_Quinn_02_CCRCCPlastic_MSK.uasset" 746
"D:/UE_Projects/marioCorr/Content/Characters/Mannequins/Textures/Quinn/T_Quinn_02_CCRCCPlastic_MSK.uexp" 747
"D:/UE_Projects/marioCorr/Content/Characters/Mannequins/Textures/Quinn/T_Quinn_02ID_Tan.ubulk" 748
"D:/UE_Projects/marioCorr/Content/Characters/Mannequins/Textures/Quinn/T_Quinn_02ID_Tan.uasset" 749
"D:/UE_Projects/marioCorr/Content/Characters/Mannequins/Textures/Quinn/T_Quinn_02ID_Tan.uexp" 750
"D:/UE_Projects/marioCorr/Content/Characters/Mannequins/Textures/Quinn/T_Quinn_02ID_D.ubulk" 751
"D:/UE_Projects/marioCorr/Content/Characters/Mannequins/Textures/Quinn/T_Quinn_02ID_D.uasset" 752
"D:/UE_Projects/marioCorr/Content/Characters/Mannequins/Textures/Quinn/T_Quinn_02ID_D.uexp" 753
"D:/UE_Projects/marioCorr/Content/Characters/Mannequins/Textures/Quinn/T_Quinn_01ID_MSR_MSK.ubulk" 754
"D:/UE_Projects/marioCorr/Content/Characters/Mannequins/Textures/Quinn/T_Quinn_01ID_MSR_MSK.uasset" 755
"D:/UE_Projects/marioCorr/Content/Characters/Mannequins/Textures/Quinn/T_Quinn_01ID_MSR_MSK.uexp" 756
"D:/UE_Projects/marioCorr/Content/Characters/Mannequins/Materials/Functions/ChromaticCurve.uasset" 757
"D:/UE_Projects/marioCorr/Content/Characters/Mannequins/Materials/Functions/ChromaticCurve.uexp" 758
"D:/UE_Projects/marioCorr/Content/Characters/Mannequins/Materials/Functions/CA_Mannequin.uasset" 759
"D:/UE_Projects/marioCorr/Content/Characters/Mannequins/Materials/Functions/CA_Mannequin.uexp" 760
"D:/UE_Projects/marioCorr/Content/Characters/Mannequins/Materials/Functions/MF_Diffraction.uasset" 761
"D:/UE_Projects/marioCorr/Content/Characters/Mannequins/Materials/Functions/MF_Diffraction.uexp" 762
"D:/UE_Projects/marioCorr/Content/Characters/Mannequins/Textures/Manny/T_Manny_01_N.ubulk" 763
"D:/UE_Projects/marioCorr/Content/Characters/Mannequins/Textures/Manny/T_Manny_01_N.uasset" 764
"D:/UE_Projects/marioCorr/Content/Characters/Mannequins/Textures/Manny/T_Manny_01_N.uexp" 765
"D:/UE_Projects/marioCorr/Content/Characters/Mannequins/Materials/Functions/ML_BaseColorFallOff.uasset" 766
"D:/UE_Projects/marioCorr/Content/Characters/Mannequins/Materials/Functions/ML_BaseColorFallOff.uexp" 767
"../../../Engine/Content/Functions/Engine_MaterialFunctions01/Texturing/ScaleUVsByCenter.uasset" 768
"../../../Engine/Content/Functions/Engine_MaterialFunctions01/Texturing/ScaleUVsByCenter.uexp" 769
"D:/UE_Projects/marioCorr/Content/Characters/Mannequins/Textures/Shared/T_UE_Logo_M.uasset" 770
"D:/UE_Projects/marioCorr/Content/Characters/Mannequins/Textures/Shared/T_UE_Logo_M.uexp" 771
"D:/UE_Projects/marioCorr/Content/Characters/Mannequins/Materials/Functions/MF_logo3layers.uasset" 772
"D:/UE_Projects/marioCorr/Content/Characters/Mannequins/Materials/Functions/MF_logo3layers.uexp" 773
"D:/UE_Projects/marioCorr/Content/Characters/Mannequins/Textures/Manny/T_Manny_01_CCRCCPlastic_MSK.ubulk" 774
"D:/UE_Projects/marioCorr/Content/Characters/Mannequins/Textures/Manny/T_Manny_01_CCRCCPlastic_MSK.uasset" 775
"D:/UE_Projects/marioCorr/Content/Characters/Mannequins/Textures/Manny/T_Manny_01_CCRCCPlastic_MSK.uexp" 776
"D:/UE_Projects/marioCorr/Content/Characters/Mannequins/Textures/Manny/T_Manny_01_ASAOPMASK_MSK.ubulk" 777
"D:/UE_Projects/marioCorr/Content/Characters/Mannequins/Textures/Manny/T_Manny_01_ASAOPMASK_MSK.uasset" 778
"D:/UE_Projects/marioCorr/Content/Characters/Mannequins/Textures/Manny/T_Manny_01_ASAOPMASK_MSK.uexp" 779
"D:/UE_Projects/marioCorr/Content/Characters/Mannequins/Textures/Manny/T_Manny_01_MSR_MSK.ubulk" 780
"D:/UE_Projects/marioCorr/Content/Characters/Mannequins/Textures/Manny/T_Manny_01_MSR_MSK.uasset" 781
"D:/UE_Projects/marioCorr/Content/Characters/Mannequins/Textures/Manny/T_Manny_01_MSR_MSK.uexp" 782
"D:/UE_Projects/marioCorr/Content/Characters/Mannequins/Textures/Manny/T_Manny_01_BN.ubulk" 783
"D:/UE_Projects/marioCorr/Content/Characters/Mannequins/Textures/Manny/T_Manny_01_BN.uasset" 784
"D:/UE_Projects/marioCorr/Content/Characters/Mannequins/Textures/Manny/T_Manny_01_BN.uexp" 785
"D:/UE_Projects/marioCorr/Content/Characters/Mannequins/Textures/Manny/T_Manny_01_D.ubulk" 786
"D:/UE_Projects/marioCorr/Content/Characters/Mannequins/Textures/Manny/T_Manny_01_D.uasset" 787
"D:/UE_Projects/marioCorr/Content/Characters/Mannequins/Textures/Manny/T_Manny_01_D.uexp" 788
"D:/UE_Projects/marioCorr/Content/Characters/Mannequins/Textures/Manny/T_Manny_01_Tan.ubulk" 789
"D:/UE_Projects/marioCorr/Content/Characters/Mannequins/Textures/Manny/T_Manny_01_Tan.uasset" 790
"D:/UE_Projects/marioCorr/Content/Characters/Mannequins/Textures/Manny/T_Manny_01_Tan.uexp" 791
"D:/UE_Projects/marioCorr/Content/Characters/Mannequins/Materials/M_Mannequin.uasset" 792
"D:/UE_Projects/marioCorr/Content/Characters/Mannequins/Materials/M_Mannequin.uexp" 793
"D:/UE_Projects/marioCorr/Content/Characters/Mannequins/Textures/Quinn/T_Quinn_01_ASAOMASK_MSK.ubulk" 794
"D:/UE_Projects/marioCorr/Content/Characters/Mannequins/Textures/Quinn/T_Quinn_01_ASAOMASK_MSK.uasset" 795
"D:/UE_Projects/marioCorr/Content/Characters/Mannequins/Textures/Quinn/T_Quinn_01_ASAOMASK_MSK.uexp" 796
"D:/UE_Projects/marioCorr/Content/Characters/Mannequins/Textures/Quinn/T_Quinn_01ID_N.ubulk" 797
"D:/UE_Projects/marioCorr/Content/Characters/Mannequins/Textures/Quinn/T_Quinn_01ID_N.uasset" 798
"D:/UE_Projects/marioCorr/Content/Characters/Mannequins/Textures/Quinn/T_Quinn_01ID_N.uexp" 799
"D:/UE_Projects/marioCorr/Content/Characters/Mannequins/Textures/Quinn/T_Quinn_01ID_BN.ubulk" 800
"D:/UE_Projects/marioCorr/Content/Characters/Mannequins/Textures/Quinn/T_Quinn_01ID_BN.uasset" 801
"D:/UE_Projects/marioCorr/Content/Characters/Mannequins/Textures/Quinn/T_Quinn_01ID_BN.uexp" 802
"D:/UE_Projects/marioCorr/Content/Characters/Mannequins/Textures/Quinn/T_Quinn_01ID_D.ubulk" 803
"D:/UE_Projects/marioCorr/Content/Characters/Mannequins/Textures/Quinn/T_Quinn_01ID_D.uasset" 804
"D:/UE_Projects/marioCorr/Content/Characters/Mannequins/Textures/Quinn/T_Quinn_01ID_D.uexp" 805
"D:/UE_Projects/marioCorr/Content/Characters/Mannequins/Textures/Quinn/T_Quinn_01ID_Tan.ubulk" 806
"D:/UE_Projects/marioCorr/Content/Characters/Mannequins/Textures/Quinn/T_Quinn_01ID_Tan.uasset" 807
"D:/UE_Projects/marioCorr/Content/Characters/Mannequins/Textures/Quinn/T_Quinn_01ID_Tan.uexp" 808
"D:/UE_Projects/marioCorr/Content/Characters/Mannequins/Textures/Quinn/T_Quinn_01_CCRCCPlastic_MSK.ubulk" 809
"D:/UE_Projects/marioCorr/Content/Characters/Mannequins/Textures/Quinn/T_Quinn_01_CCRCCPlastic_MSK.uasset" 810
"D:/UE_Projects/marioCorr/Content/Characters/Mannequins/Textures/Quinn/T_Quinn_01_CCRCCPlastic_MSK.uexp" 811
"D:/UE_Projects/marioCorr/Content/Characters/Mannequins/Materials/Instances/Quinn/MI_Quinn_01.uasset" 812
"D:/UE_Projects/marioCorr/Content/Characters/Mannequins/Materials/Instances/Quinn/MI_Quinn_01.uexp" 813
"D:/UE_Projects/marioCorr/Content/Characters/Mannequins/Textures/Quinn/T_Quinn_02ID_N.ubulk" 814
"D:/UE_Projects/marioCorr/Content/Characters/Mannequins/Textures/Quinn/T_Quinn_02ID_N.uasset" 815
"D:/UE_Projects/marioCorr/Content/Characters/Mannequins/Textures/Quinn/T_Quinn_02ID_N.uexp" 816
"D:/UE_Projects/marioCorr/Content/Characters/Mannequins/Materials/Instances/Quinn/MI_Quinn_02.uasset" 817
"D:/UE_Projects/marioCorr/Content/Characters/Mannequins/Materials/Instances/Quinn/MI_Quinn_02.uexp" 818
"D:/UE_Projects/marioCorr/Content/Characters/Mannequins/Rigs/PA_Mannequin.uasset" 819
"D:/UE_Projects/marioCorr/Content/Characters/Mannequins/Rigs/PA_Mannequin.uexp" 820
"D:/UE_Projects/marioCorr/Content/Characters/Mannequins/Meshes/SKM_Quinn_Simple.uasset" 821
"D:/UE_Projects/marioCorr/Content/Characters/Mannequins/Meshes/SKM_Quinn_Simple.uexp" 822
"D:/UE_Projects/marioCorr/Content/ThirdPerson/Input/Actions/IA_Jump.uasset" 823
"D:/UE_Projects/marioCorr/Content/ThirdPerson/Input/Actions/IA_Jump.uexp" 824
"D:/UE_Projects/marioCorr/Content/ThirdPerson/Input/Actions/IA_Look.uasset" 825
"D:/UE_Projects/marioCorr/Content/ThirdPerson/Input/Actions/IA_Look.uexp" 826
"D:/UE_Projects/marioCorr/Content/ThirdPerson/Input/Actions/IA_Move.uasset" 827
"D:/UE_Projects/marioCorr/Content/ThirdPerson/Input/Actions/IA_Move.uexp" 828
"D:/UE_Projects/marioCorr/Content/ThirdPerson/Input/IMC_Default.uasset" 829
"D:/UE_Projects/marioCorr/Content/ThirdPerson/Input/IMC_Default.uexp" 830
"../../../Engine/Content/Animation/DefaultAnimCurveCompressionSettings.uasset" 831
"../../../Engine/Content/Animation/DefaultAnimCurveCompressionSettings.uexp" 832
"../../../Engine/Content/Animation/DefaultAnimBoneCompressionSettings.uasset" 833
"../../../Engine/Content/Animation/DefaultAnimBoneCompressionSettings.uexp" 834
"D:/UE_Projects/marioCorr/Content/Characters/Mannequins/Animations/Quinn/MF_Run_Fwd.uasset" 835
"D:/UE_Projects/marioCorr/Content/Characters/Mannequins/Animations/Quinn/MF_Run_Fwd.uexp" 836
"D:/UE_Projects/marioCorr/Content/Characters/Mannequins/Animations/Quinn/MF_Walk_Fwd.uasset" 837
"D:/UE_Projects/marioCorr/Content/Characters/Mannequins/Animations/Quinn/MF_Walk_Fwd.uexp" 838
"../../../Engine/Content/Animation/DefaultRecorderBoneCompression.uasset" 839
"../../../Engine/Content/Animation/DefaultRecorderBoneCompression.uexp" 840
"D:/UE_Projects/marioCorr/Content/Characters/Mannequins/Animations/Manny/MM_Walk_InPlace.uasset" 841
"D:/UE_Projects/marioCorr/Content/Characters/Mannequins/Animations/Manny/MM_Walk_InPlace.uexp" 842
"D:/UE_Projects/marioCorr/Content/Characters/Mannequins/Animations/Quinn/BS_MF_Unarmed_WalkRun.uasset" 843
"D:/UE_Projects/marioCorr/Content/Characters/Mannequins/Animations/Quinn/BS_MF_Unarmed_WalkRun.uexp" 844
"D:/UE_Projects/marioCorr/Content/Characters/Mannequins/Animations/Quinn/MF_Idle.uasset" 845
"D:/UE_Projects/marioCorr/Content/Characters/Mannequins/Animations/Quinn/MF_Idle.uexp" 846
"D:/UE_Projects/marioCorr/Content/Characters/Mannequins/Animations/Manny/MM_Fall_Loop.uasset" 847
"D:/UE_Projects/marioCorr/Content/Characters/Mannequins/Animations/Manny/MM_Fall_Loop.uexp" 848
"D:/UE_Projects/marioCorr/Content/Characters/Mannequins/Animations/Manny/MM_Jump.uasset" 849
"D:/UE_Projects/marioCorr/Content/Characters/Mannequins/Animations/Manny/MM_Jump.uexp" 850
"../../../Engine/Plugins/Animation/ControlRig/Content/Controls/DefaultGizmoLibrary.uasset" 851
"../../../Engine/Plugins/Animation/ControlRig/Content/Controls/DefaultGizmoLibrary.uexp" 852
"D:/UE_Projects/marioCorr/Content/Characters/Mannequins/Rigs/CR_Mannequin_BasicFootIK.uasset" 853
"D:/UE_Projects/marioCorr/Content/Characters/Mannequins/Rigs/CR_Mannequin_BasicFootIK.uexp" 854
"D:/UE_Projects/marioCorr/Content/Characters/Mannequins/Animations/Manny/MM_Run_Fwd.uasset" 855
"D:/UE_Projects/marioCorr/Content/Characters/Mannequins/Animations/Manny/MM_Run_Fwd.uexp" 856
"D:/UE_Projects/marioCorr/Content/Characters/Mannequins/Animations/Manny/MM_Walk_Fwd.uasset" 857
"D:/UE_Projects/marioCorr/Content/Characters/Mannequins/Animations/Manny/MM_Walk_Fwd.uexp" 858
"D:/UE_Projects/marioCorr/Content/Characters/Mannequins/Animations/Manny/BS_MM_WalkRun.uasset" 859
"D:/UE_Projects/marioCorr/Content/Characters/Mannequins/Animations/Manny/BS_MM_WalkRun.uexp" 860
"D:/UE_Projects/marioCorr/Content/Characters/Mannequins/Animations/Manny/MM_Land.uasset" 861
"D:/UE_Projects/marioCorr/Content/Characters/Mannequins/Animations/Manny/MM_Land.uexp" 862
"D:/UE_Projects/marioCorr/Content/Characters/Mannequins/Animations/Manny/MM_Idle.uasset" 863
"D:/UE_Projects/marioCorr/Content/Characters/Mannequins/Animations/Manny/MM_Idle.uexp" 864
"D:/UE_Projects/marioCorr/Content/Characters/Mannequins/Animations/ABP_Manny.uasset" 865
"D:/UE_Projects/marioCorr/Content/Characters/Mannequins/Animations/ABP_Manny.uexp" 866
"D:/UE_Projects/marioCorr/Content/Characters/Mannequins/Animations/ABP_Quinn.uasset" 867
"D:/UE_Projects/marioCorr/Content/Characters/Mannequins/Animations/ABP_Quinn.uexp" 868
"D:/UE_Projects/marioCorr/Content/ThirdPerson/Blueprints/BP_ThirdPersonCharacter.uasset" 869
"D:/UE_Projects/marioCorr/Content/ThirdPerson/Blueprints/BP_ThirdPersonCharacter.uexp" 870
"../../../Engine/Content/Maps/Entry_BuiltData.uasset" 871
"../../../Engine/Content/Maps/Entry_BuiltData.uexp" 872
"../../../Engine/Content/Maps/Entry.uexp" 873
"../../../Engine/Content/Maps/Entry.umap" 874
"../../../Engine/Content/EngineSky/T_Sky_Stars.ubulk" 875
"../../../Engine/Content/EngineSky/T_Sky_Stars.uasset" 876
"../../../Engine/Content/EngineSky/T_Sky_Stars.uexp" 877
"../../../Engine/Content/EngineSky/T_Sky_Clouds_M.ubulk" 878
"../../../Engine/Content/EngineSky/T_Sky_Clouds_M.uasset" 879
"../../../Engine/Content/EngineSky/T_Sky_Clouds_M.uexp" 880
"../../../Engine/Content/EngineSky/T_Sky_Blue.ubulk" 881
"../../../Engine/Content/EngineSky/T_Sky_Blue.uasset" 882
"../../../Engine/Content/EngineSky/T_Sky_Blue.uexp" 883
"../../../Engine/Content/EngineSky/M_Sky_Panning_Clouds2.uasset" 884
"../../../Engine/Content/EngineSky/M_Sky_Panning_Clouds2.uexp" 885
"../../../Engine/Content/EngineSky/SM_SkySphere.ubulk" 886
"../../../Engine/Content/EngineSky/SM_SkySphere.uasset" 887
"../../../Engine/Content/EngineSky/SM_SkySphere.uexp" 888
"D:/UE_Projects/marioCorr/Content/LevelPrototyping/Font/Mario-Kart-DS.uexp" 889
"D:/UE_Projects/marioCorr/Content/LevelPrototyping/Font/Mario-Kart-DS.uasset" 890
"D:/UE_Projects/marioCorr/Content/LevelPrototyping/Font/Mario-Kart-DS.ufont" 891
"D:/UE_Projects/marioCorr/Content/LevelPrototyping/Font/Mario-Kart-DS_Font.uasset" 892
"D:/UE_Projects/marioCorr/Content/LevelPrototyping/Font/Mario-Kart-DS_Font.uexp" 893
"D:/UE_Projects/marioCorr/Content/Data/SwitchLevel/ToMainLevel.uasset" 894
"D:/UE_Projects/marioCorr/Content/Data/SwitchLevel/ToMainLevel.uexp" 895
"D:/UE_Projects/marioCorr/Content/BP/UI/MarioMenuUIBP.uasset" 896
"D:/UE_Projects/marioCorr/Content/BP/UI/MarioMenuUIBP.uexp" 897
"D:/UE_Projects/marioCorr/Content/BP/UI/MenuMarioHUDBP.uasset" 898
"D:/UE_Projects/marioCorr/Content/BP/UI/MenuMarioHUDBP.uexp" 899
"D:/UE_Projects/marioCorr/Content/BP/MarioMenuGameModeBP.uasset" 900
"D:/UE_Projects/marioCorr/Content/BP/MarioMenuGameModeBP.uexp" 901
"../../../Engine/Content/EngineSky/M_SimpleSkyDome.uasset" 902
"../../../Engine/Content/EngineSky/M_SimpleSkyDome.uexp" 903
"D:/UE_Projects/marioCorr/Content/Levels/Menu.uexp" 904
"D:/UE_Projects/marioCorr/Content/Levels/Menu.umap" 905
"../../../Engine/Content/BasicShapes/BasicShapeMaterial.uasset" 906
"../../../Engine/Content/BasicShapes/BasicShapeMaterial.uexp" 907
"../../../Engine/Content/BasicShapes/Cube.ubulk" 908
"../../../Engine/Content/BasicShapes/Cube.uasset" 909
"../../../Engine/Content/BasicShapes/Cube.uexp" 910
"D:/UE_Projects/marioCorr/Content/LevelPrototyping/Meshes/Mario/14_-_Default.uasset" 911
"D:/UE_Projects/marioCorr/Content/LevelPrototyping/Meshes/Mario/14_-_Default.uexp" 912
"D:/UE_Projects/marioCorr/Content/BP/WoodPlank.uasset" 913
"D:/UE_Projects/marioCorr/Content/BP/WoodPlank.uexp" 914
"D:/UE_Projects/marioCorr/Content/LevelPrototyping/Meshes/Pipe/defaultMat.uasset" 915
"D:/UE_Projects/marioCorr/Content/LevelPrototyping/Meshes/Pipe/defaultMat.uexp" 916
"D:/UE_Projects/marioCorr/Content/LevelPrototyping/Meshes/Pipe/Mario_Pipe.ubulk" 917
"D:/UE_Projects/marioCorr/Content/LevelPrototyping/Meshes/Pipe/Mario_Pipe.uasset" 918
"D:/UE_Projects/marioCorr/Content/LevelPrototyping/Meshes/Pipe/Mario_Pipe.uexp" 919
"D:/UE_Projects/marioCorr/Content/BP/Pipe.uasset" 920
"D:/UE_Projects/marioCorr/Content/BP/Pipe.uexp" 921
"../../../Engine/Content/Engine_MI_Shaders/T_Emissive.uasset" 922
"../../../Engine/Content/Engine_MI_Shaders/T_Emissive.uexp" 923
"../../../Engine/Content/Engine_MI_Shaders/T_Reflection.uasset" 924
"../../../Engine/Content/Engine_MI_Shaders/T_Reflection.uexp" 925
"../../../Engine/Content/Engine_MI_Shaders/M_Shader_SimpleTranslucent.uasset" 926
"../../../Engine/Content/Engine_MI_Shaders/M_Shader_SimpleTranslucent.uexp" 927
"../../../Engine/Content/Engine_MI_Shaders/Instances/M_Shader_SimpleTranslucent_Invis.uasset" 928
"../../../Engine/Content/Engine_MI_Shaders/Instances/M_Shader_SimpleTranslucent_Invis.uexp" 929
"D:/UE_Projects/marioCorr/Content/LevelPrototyping/Meshes/PowerUp/powerUp_Metarial.uasset" 930
"D:/UE_Projects/marioCorr/Content/LevelPrototyping/Meshes/PowerUp/powerUp_Metarial.uexp" 931
"D:/UE_Projects/marioCorr/Content/LevelPrototyping/Meshes/PowerUp/Toad_tex2.ubulk" 932
"D:/UE_Projects/marioCorr/Content/LevelPrototyping/Meshes/PowerUp/Toad_tex2.uasset" 933
"D:/UE_Projects/marioCorr/Content/LevelPrototyping/Meshes/PowerUp/Toad_tex2.uexp" 934
"D:/UE_Projects/marioCorr/Content/LevelPrototyping/Meshes/PowerUp/Toad_tex.ubulk" 935
"D:/UE_Projects/marioCorr/Content/LevelPrototyping/Meshes/PowerUp/Toad_tex.uasset" 936
"D:/UE_Projects/marioCorr/Content/LevelPrototyping/Meshes/PowerUp/Toad_tex.uexp" 937
"D:/UE_Projects/marioCorr/Content/LevelPrototyping/Meshes/PowerUp/02_-_Default.uasset" 938
"D:/UE_Projects/marioCorr/Content/LevelPrototyping/Meshes/PowerUp/02_-_Default.uexp" 939
"D:/UE_Projects/marioCorr/Content/LevelPrototyping/Meshes/PowerUp/Power_Up.ubulk" 940
"D:/UE_Projects/marioCorr/Content/LevelPrototyping/Meshes/PowerUp/Power_Up.uasset" 941
"D:/UE_Projects/marioCorr/Content/LevelPrototyping/Meshes/PowerUp/Power_Up.uexp" 942
"D:/UE_Projects/marioCorr/Content/LevelPrototyping/Meshes/PowerUp/Eyes_Material.uasset" 943
"D:/UE_Projects/marioCorr/Content/LevelPrototyping/Meshes/PowerUp/Eyes_Material.uexp" 944
"D:/UE_Projects/marioCorr/Content/BP/PowerUpBP.uasset" 945
"D:/UE_Projects/marioCorr/Content/BP/PowerUpBP.uexp" 946
"D:/UE_Projects/marioCorr/Content/LevelPrototyping/Meshes/CoinBlock/_.uasset" 947
"D:/UE_Projects/marioCorr/Content/LevelPrototyping/Meshes/CoinBlock/_.uexp" 948
"D:/UE_Projects/marioCorr/Content/LevelPrototyping/Meshes/CoinBlock/__Inst.uasset" 949
"D:/UE_Projects/marioCorr/Content/LevelPrototyping/Meshes/CoinBlock/__Inst.uexp" 950
"D:/UE_Projects/marioCorr/Content/LevelPrototyping/Meshes/CoinBlock/Block.uasset" 951
"D:/UE_Projects/marioCorr/Content/LevelPrototyping/Meshes/CoinBlock/Block.uexp" 952
"D:/UE_Projects/marioCorr/Content/LevelPrototyping/Meshes/CoinBlock/Block_Inst.uasset" 953
"D:/UE_Projects/marioCorr/Content/LevelPrototyping/Meshes/CoinBlock/Block_Inst.uexp" 954
"D:/UE_Projects/marioCorr/Content/LevelPrototyping/Meshes/CoinBlock/Coin_Block_Block.ubulk" 955
"D:/UE_Projects/marioCorr/Content/LevelPrototyping/Meshes/CoinBlock/Coin_Block_Block.uasset" 956
"D:/UE_Projects/marioCorr/Content/LevelPrototyping/Meshes/CoinBlock/Coin_Block_Block.uexp" 957
"../../../Engine/Content/BasicShapes/Sphere.ubulk" 958
"../../../Engine/Content/BasicShapes/Sphere.uasset" 959
"../../../Engine/Content/BasicShapes/Sphere.uexp" 960
"../../../Engine/Content/VREditor/UI/KeyDiskMaterial.uasset" 961
"../../../Engine/Content/VREditor/UI/KeyDiskMaterial.uexp" 962
"../../../Engine/Content/VREditor/UI/DiscMaterial.uasset" 963
"../../../Engine/Content/VREditor/UI/DiscMaterial.uexp" 964
"D:/UE_Projects/marioCorr/Content/BP/BonusItem.uasset" 965
"D:/UE_Projects/marioCorr/Content/BP/BonusItem.uexp" 966
"../../../Engine/Content/EngineMaterials/DefaultLightFunctionMaterial.uasset" 967
"../../../Engine/Content/EngineMaterials/DefaultLightFunctionMaterial.uexp" 968
"D:/UE_Projects/marioCorr/Content/BP/BonusBlockGraphics.uasset" 969
"D:/UE_Projects/marioCorr/Content/BP/BonusBlockGraphics.uexp" 970
"D:/UE_Projects/marioCorr/Content/BP/BonusBlockBP.uasset" 971
"D:/UE_Projects/marioCorr/Content/BP/BonusBlockBP.uexp" 972
"D:/UE_Projects/marioCorr/Content/BP/BnousBlockPowerUpBP.uasset" 973
"D:/UE_Projects/marioCorr/Content/BP/BnousBlockPowerUpBP.uexp" 974
"D:/UE_Projects/marioCorr/Content/BP/BnousBlockPowerUpBP_Blueprint.uasset" 975
"D:/UE_Projects/marioCorr/Content/BP/BnousBlockPowerUpBP_Blueprint.uexp" 976
"D:/UE_Projects/marioCorr/Content/LevelPrototyping/Meshes/Goomba/11_-_Default.uasset" 977
"D:/UE_Projects/marioCorr/Content/LevelPrototyping/Meshes/Goomba/11_-_Default.uexp" 978
"D:/UE_Projects/marioCorr/Content/LevelPrototyping/Meshes/Goomba/11_-_Default_Inst.uasset" 979
"D:/UE_Projects/marioCorr/Content/LevelPrototyping/Meshes/Goomba/11_-_Default_Inst.uexp" 980
"D:/UE_Projects/marioCorr/Content/LevelPrototyping/Meshes/Goomba/01_-_Default.uasset" 981
"D:/UE_Projects/marioCorr/Content/LevelPrototyping/Meshes/Goomba/01_-_Default.uexp" 982
"D:/UE_Projects/marioCorr/Content/LevelPrototyping/Meshes/Goomba/01_-_Default_Inst.uasset" 983
"D:/UE_Projects/marioCorr/Content/LevelPrototyping/Meshes/Goomba/01_-_Default_Inst.uexp" 984
"D:/UE_Projects/marioCorr/Content/LevelPrototyping/Meshes/Goomba/14_-_Default.uasset" 985
"D:/UE_Projects/marioCorr/Content/LevelPrototyping/Meshes/Goomba/14_-_Default.uexp" 986
"D:/UE_Projects/marioCorr/Content/LevelPrototyping/Meshes/Goomba/14_-_Default_Inst.uasset" 987
"D:/UE_Projects/marioCorr/Content/LevelPrototyping/Meshes/Goomba/14_-_Default_Inst.uexp" 988
"D:/UE_Projects/marioCorr/Content/LevelPrototyping/Meshes/Goomba/10_-_Default.uasset" 989
"D:/UE_Projects/marioCorr/Content/LevelPrototyping/Meshes/Goomba/10_-_Default.uexp" 990
"D:/UE_Projects/marioCorr/Content/LevelPrototyping/Meshes/Goomba/10_-_Default_Inst.uasset" 991
"D:/UE_Projects/marioCorr/Content/LevelPrototyping/Meshes/Goomba/10_-_Default_Inst.uexp" 992
"D:/UE_Projects/marioCorr/Content/LevelPrototyping/Meshes/Goomba/07_-_Default_001.uasset" 993
"D:/UE_Projects/marioCorr/Content/LevelPrototyping/Meshes/Goomba/07_-_Default_001.uexp" 994
"D:/UE_Projects/marioCorr/Content/LevelPrototyping/Meshes/Goomba/07_-_Default_001_Inst.uasset" 995
"D:/UE_Projects/marioCorr/Content/LevelPrototyping/Meshes/Goomba/07_-_Default_001_Inst.uexp" 996
"D:/UE_Projects/marioCorr/Content/LevelPrototyping/Meshes/Mario/15_-_Default.uasset" 997
"D:/UE_Projects/marioCorr/Content/LevelPrototyping/Meshes/Mario/15_-_Default.uexp" 998
"D:/UE_Projects/marioCorr/Content/LevelPrototyping/Meshes/Goomba/04_-_Default.uasset" 999
"D:/UE_Projects/marioCorr/Content/LevelPrototyping/Meshes/Goomba/04_-_Default.uexp" 1000
"D:/UE_Projects/marioCorr/Content/LevelPrototyping/Meshes/Goomba/04_-_Default_Inst.uasset" 1001
"D:/UE_Projects/marioCorr/Content/LevelPrototyping/Meshes/Goomba/04_-_Default_Inst.uexp" 1002
"D:/UE_Projects/marioCorr/Content/LevelPrototyping/Meshes/Goomba/Goomba_Object001.ubulk" 1003
"D:/UE_Projects/marioCorr/Content/LevelPrototyping/Meshes/Goomba/Goomba_Object001.uasset" 1004
"D:/UE_Projects/marioCorr/Content/LevelPrototyping/Meshes/Goomba/Goomba_Object001.uexp" 1005
"D:/UE_Projects/marioCorr/Content/BP/GoombaBP.uasset" 1006
"D:/UE_Projects/marioCorr/Content/BP/GoombaBP.uexp" 1007
"D:/UE_Projects/marioCorr/Content/Data/ChracterData.uasset" 1008
"D:/UE_Projects/marioCorr/Content/Data/ChracterData.uexp" 1009
"D:/UE_Projects/marioCorr/Content/LevelPrototyping/Meshes/Mario2/Textures/mario_main.ubulk" 1010
"D:/UE_Projects/marioCorr/Content/LevelPrototyping/Meshes/Mario2/Textures/mario_main.uasset" 1011
"D:/UE_Projects/marioCorr/Content/LevelPrototyping/Meshes/Mario2/Textures/mario_main.uexp" 1012
"D:/UE_Projects/marioCorr/Content/LevelPrototyping/Meshes/Mario2/Textures/MarioMain_Material.uasset" 1013
"D:/UE_Projects/marioCorr/Content/LevelPrototyping/Meshes/Mario2/Textures/MarioMain_Material.uexp" 1014
"D:/UE_Projects/marioCorr/Content/Data/SwitchLevel/ToMenu.uasset" 1015
"D:/UE_Projects/marioCorr/Content/Data/SwitchLevel/ToMenu.uexp" 1016
"D:/UE_Projects/marioCorr/Content/LevelPrototyping/Meshes/Mario2/Idle_Mario_Skeleton.uasset" 1017
"D:/UE_Projects/marioCorr/Content/LevelPrototyping/Meshes/Mario2/Idle_Mario_Skeleton.uexp" 1018
"D:/UE_Projects/marioCorr/Content/LevelPrototyping/Meshes/Mario2/MarioAnimation/Mario_Fall.uasset" 1019
"D:/UE_Projects/marioCorr/Content/LevelPrototyping/Meshes/Mario2/MarioAnimation/Mario_Fall.uexp" 1020
"D:/UE_Projects/marioCorr/Content/LevelPrototyping/Meshes/Mario2/MarioAnimation/Jump_Blend.uasset" 1021
"D:/UE_Projects/marioCorr/Content/LevelPrototyping/Meshes/Mario2/MarioAnimation/Jump_Blend.uexp" 1022
"D:/UE_Projects/marioCorr/Content/LevelPrototyping/Meshes/Mario2/MarioAnimation/Mario_Die.uasset" 1023
"D:/UE_Projects/marioCorr/Content/LevelPrototyping/Meshes/Mario2/MarioAnimation/Mario_Die.uexp" 1024
"D:/UE_Projects/marioCorr/Content/LevelPrototyping/Meshes/Mario2/MarioAnimation/Die_Blend.uasset" 1025
"D:/UE_Projects/marioCorr/Content/LevelPrototyping/Meshes/Mario2/MarioAnimation/Die_Blend.uexp" 1026
"D:/UE_Projects/marioCorr/Content/LevelPrototyping/Meshes/Mario2/MarioAnimation/Idle_Mario_Anim.uasset" 1027
"D:/UE_Projects/marioCorr/Content/LevelPrototyping/Meshes/Mario2/MarioAnimation/Idle_Mario_Anim.uexp" 1028
"D:/UE_Projects/marioCorr/Content/LevelPrototyping/Meshes/Mario2/MarioAnimation/RunBackward_Mario.uasset" 1029
"D:/UE_Projects/marioCorr/Content/LevelPrototyping/Meshes/Mario2/MarioAnimation/RunBackward_Mario.uexp" 1030
"D:/UE_Projects/marioCorr/Content/LevelPrototyping/Meshes/Mario2/MarioAnimation/Run_Mario.uasset" 1031
"D:/UE_Projects/marioCorr/Content/LevelPrototyping/Meshes/Mario2/MarioAnimation/Run_Mario.uexp" 1032
"D:/UE_Projects/marioCorr/Content/LevelPrototyping/Meshes/Mario2/MarioAnimation/walk_Blend.uasset" 1033
"D:/UE_Projects/marioCorr/Content/LevelPrototyping/Meshes/Mario2/MarioAnimation/walk_Blend.uexp" 1034
"D:/UE_Projects/marioCorr/Content/LevelPrototyping/Meshes/Mario2/MarioAnimation/MarioAnimBP.uasset" 1035
"D:/UE_Projects/marioCorr/Content/LevelPrototyping/Meshes/Mario2/MarioAnimation/MarioAnimBP.uexp" 1036
"D:/UE_Projects/marioCorr/Content/LevelPrototyping/Meshes/Mario2/Idle_Mario.uasset" 1037
"D:/UE_Projects/marioCorr/Content/LevelPrototyping/Meshes/Mario2/Idle_Mario.uexp" 1038
"D:/UE_Projects/marioCorr/Content/BP/MarioCharacterBP.uasset" 1039
"D:/UE_Projects/marioCorr/Content/BP/MarioCharacterBP.uexp" 1040
"D:/UE_Projects/marioCorr/Content/BP/UI/UICpp.uasset" 1041
"D:/UE_Projects/marioCorr/Content/BP/UI/UICpp.uexp" 1042
"D:/UE_Projects/marioCorr/Content/BP/UI/GameHUDCppBP.uasset" 1043
"D:/UE_Projects/marioCorr/Content/BP/UI/GameHUDCppBP.uexp" 1044
"D:/UE_Projects/marioCorr/Content/BP/MarioGameModeBP.uasset" 1045
"D:/UE_Projects/marioCorr/Content/BP/MarioGameModeBP.uexp" 1046
"D:/UE_Projects/marioCorr/Content/LevelPrototyping/Meshes/Brick/ColorBase-1006.uasset" 1047
"D:/UE_Projects/marioCorr/Content/LevelPrototyping/Meshes/Brick/ColorBase-1006.uexp" 1048
"D:/UE_Projects/marioCorr/Content/LevelPrototyping/Meshes/Brick/DestructbleBlock.uasset" 1049
"D:/UE_Projects/marioCorr/Content/LevelPrototyping/Meshes/Brick/DestructbleBlock.uexp" 1050
"D:/UE_Projects/marioCorr/Content/LevelPrototyping/Meshes/Brick/DestructibleBlock_Inst.uasset" 1051
"D:/UE_Projects/marioCorr/Content/LevelPrototyping/Meshes/Brick/DestructibleBlock_Inst.uexp" 1052
"D:/UE_Projects/marioCorr/Content/LevelPrototyping/Meshes/Brick/DestructibleBlock.ubulk" 1053
"D:/UE_Projects/marioCorr/Content/LevelPrototyping/Meshes/Brick/DestructibleBlock.uasset" 1054
"D:/UE_Projects/marioCorr/Content/LevelPrototyping/Meshes/Brick/DestructibleBlock.uexp" 1055
"D:/UE_Projects/marioCorr/Content/BP/DestructibleBlockBP.uasset" 1056
"D:/UE_Projects/marioCorr/Content/BP/DestructibleBlockBP.uexp" 1057
"../../../Engine/Content/MapTemplates/SM_Template_Map_Floor.ubulk" 1058
"../../../Engine/Content/MapTemplates/SM_Template_Map_Floor.uasset" 1059
"../../../Engine/Content/MapTemplates/SM_Template_Map_Floor.uexp" 1060
"D:/UE_Projects/marioCorr/Content/LevelPrototyping/Meshes/Castle/Castle_Small.ubulk" 1061
"D:/UE_Projects/marioCorr/Content/LevelPrototyping/Meshes/Castle/Castle_Small.uasset" 1062
"D:/UE_Projects/marioCorr/Content/LevelPrototyping/Meshes/Castle/Castle_Small.uexp" 1063
"../../../Engine/Content/EngineMaterials/WaterMaterial.uasset" 1064
"../../../Engine/Content/EngineMaterials/WaterMaterial.uexp" 1065
"D:/UE_Projects/marioCorr/Content/BP/CaslteBP.uasset" 1066
"D:/UE_Projects/marioCorr/Content/BP/CaslteBP.uexp" 1067
"D:/UE_Projects/marioCorr/Content/LevelPrototyping/Meshes/Coin/Material_001.uasset" 1068
"D:/UE_Projects/marioCorr/Content/LevelPrototyping/Meshes/Coin/Material_001.uexp" 1069
"D:/UE_Projects/marioCorr/Content/LevelPrototyping/Meshes/Coin/Material_001_Inst.uasset" 1070
"D:/UE_Projects/marioCorr/Content/LevelPrototyping/Meshes/Coin/Material_001_Inst.uexp" 1071
"D:/UE_Projects/marioCorr/Content/LevelPrototyping/Meshes/Coin/Coin.ubulk" 1072
"D:/UE_Projects/marioCorr/Content/LevelPrototyping/Meshes/Coin/Coin.uasset" 1073
"D:/UE_Projects/marioCorr/Content/LevelPrototyping/Meshes/Coin/Coin.uexp" 1074
"D:/UE_Projects/marioCorr/Content/BP/CoinCollectibleBP.uasset" 1075
"D:/UE_Projects/marioCorr/Content/BP/CoinCollectibleBP.uexp" 1076
"D:/UE_Projects/marioCorr/Content/LevelPrototyping/Textures/Ground.uasset" 1077
"D:/UE_Projects/marioCorr/Content/LevelPrototyping/Textures/Ground.uexp" 1078
"D:/UE_Projects/marioCorr/Content/LevelPrototyping/Materials/Ground.uasset" 1079
"D:/UE_Projects/marioCorr/Content/LevelPrototyping/Materials/Ground.uexp" 1080
"D:/UE_Projects/marioCorr/Content/LevelPrototyping/Materials/Ground_Inst.uasset" 1081
"D:/UE_Projects/marioCorr/Content/LevelPrototyping/Materials/Ground_Inst.uexp" 1082
"D:/UE_Projects/marioCorr/Content/LevelPrototyping/Meshes/Coopa/09_-_Default.uasset" 1083
"D:/UE_Projects/marioCorr/Content/LevelPrototyping/Meshes/Coopa/09_-_Default.uexp" 1084
"D:/UE_Projects/marioCorr/Content/LevelPrototyping/Meshes/Coopa/07_-_Default.uasset" 1085
"D:/UE_Projects/marioCorr/Content/LevelPrototyping/Meshes/Coopa/07_-_Default.uexp" 1086
"D:/UE_Projects/marioCorr/Content/LevelPrototyping/Meshes/Coopa/14_-_Default.uasset" 1087
"D:/UE_Projects/marioCorr/Content/LevelPrototyping/Meshes/Coopa/14_-_Default.uexp" 1088
"D:/UE_Projects/marioCorr/Content/LevelPrototyping/Meshes/Coopa/02_-_Default.uasset" 1089
"D:/UE_Projects/marioCorr/Content/LevelPrototyping/Meshes/Coopa/02_-_Default.uexp" 1090
"D:/UE_Projects/marioCorr/Content/LevelPrototyping/Meshes/Coopa/08_-_Default.uasset" 1091
"D:/UE_Projects/marioCorr/Content/LevelPrototyping/Meshes/Coopa/08_-_Default.uexp" 1092
"D:/UE_Projects/marioCorr/Content/LevelPrototyping/Meshes/Coopa/03_-_Default.uasset" 1093
"D:/UE_Projects/marioCorr/Content/LevelPrototyping/Meshes/Coopa/03_-_Default.uexp" 1094
"D:/UE_Projects/marioCorr/Content/LevelPrototyping/Meshes/Coopa/15_-_Default.uasset" 1095
"D:/UE_Projects/marioCorr/Content/LevelPrototyping/Meshes/Coopa/15_-_Default.uexp" 1096
"D:/UE_Projects/marioCorr/Content/LevelPrototyping/Meshes/Coopa/Koopa_Koopa_head.ubulk" 1097
"D:/UE_Projects/marioCorr/Content/LevelPrototyping/Meshes/Coopa/Koopa_Koopa_head.uasset" 1098
"D:/UE_Projects/marioCorr/Content/LevelPrototyping/Meshes/Coopa/Koopa_Koopa_head.uexp" 1099
"D:/UE_Projects/marioCorr/Content/BP/CoopaBP.uasset" 1100
"D:/UE_Projects/marioCorr/Content/BP/CoopaBP.uexp" 1101
"D:/UE_Projects/marioCorr/Content/Levels/MarioCorr.uexp" 1102
"D:/UE_Projects/marioCorr/Content/Levels/MarioCorr.umap" 1103
